/*C2*/SET SCHEMA PUBLIC
SET FILES LOG TRUE
/*C5*/SET SCHEMA PUBLIC
ALTER TABLE ALERT ADD COLUMN ALERTREF VARCHAR(256) DEFAULT ''
/*C6*/SET SCHEMA PUBLIC
CREATE CACHED TABLE alert_tag (tag_id bigint generated by default as identity (start with 1) primary key,alert_id bigint not null,key varchar(1024) default '' not null,value nvarchar(4000) default '' not null,)
CREATE INDEX alert_id_index ON alert_tag (alert_id)
/*C12*/SET SCHEMA PUBLIC
CREATE cached TABLE STRUCTURE (STRUCTUREID bigint generated by default as identity (start with 1), SESSIONID bigint not null, PARENTID bigint not null, HISTORYID int, NAME varchar(8192) not null, NAMEHASH bigint not null, URL varchar(8192) not null, METHOD varchar(10) not null)
/*C13*/SET SCHEMA PUBLIC
CREATE CACHED TABLE websocket_channel (channel_id BIGINT PRIMARY KEY,host VARCHAR(255) NOT NULL,port INTEGER NOT NULL,url VARCHAR(1048576) NOT NULL,start_timestamp TIMESTAMP NOT NULL,end_timestamp TIMESTAMP NULL,history_id INTEGER NULL,FOREIGN KEY (history_id) REFERENCES HISTORY(HISTORYID) ON DELETE SET NULL ON UPDATE SET NULL)
CREATE CACHED TABLE websocket_message (message_id BIGINT NOT NULL,channel_id BIGINT NOT NULL,timestamp TIMESTAMP NOT NULL,opcode TINYINT NOT NULL,payload_utf8 CLOB(16M) NULL,payload_bytes BLOB(16M) NULL,payload_length BIGINT NOT NULL,is_outgoing BOOLEAN NOT NULL,PRIMARY KEY (message_id, channel_id),FOREIGN KEY (channel_id) REFERENCES websocket_channel(channel_id))
ALTER TABLE websocket_message ADD CONSTRAINT websocket_message_payload CHECK (payload_utf8 IS NOT NULL OR payload_bytes IS NOT NULL)
CREATE CACHED TABLE websocket_message_fuzz (fuzz_id BIGINT NOT NULL,message_id BIGINT NOT NULL,channel_id BIGINT NOT NULL,state VARCHAR(50) NOT NULL,fuzz LONGVARCHAR NOT NULL,PRIMARY KEY (fuzz_id, message_id, channel_id),FOREIGN KEY (message_id, channel_id) REFERENCES websocket_message(message_id, channel_id) ON DELETE CASCADE)
/*C14*/SET SCHEMA PUBLIC
CREATE CACHED TABLE soap_wsdl (wsdl_id INTEGER NOT NULL,soap_action NVARCHAR(4000) NOT NULL,PRIMARY KEY (wsdl_id, soap_action),)
/*C15*/SET SCHEMA PUBLIC
CREATE TABLE "PUBLIC"."AUTHHELPER_FLYWAY_SCHEMA_HISTORY" (\u000a    "installed_rank" INT NOT NULL,\u000a    "version" VARCHAR(50),\u000a    "description" VARCHAR(200) NOT NULL,\u000a    "type" VARCHAR(20) NOT NULL,\u000a    "script" VARCHAR(1000) NOT NULL,\u000a    "checksum" INT,\u000a    "installed_by" VARCHAR(100) NOT NULL,\u000a    "installed_on" TIMESTAMP DEFAULT CURRENT_TIMESTAMP NOT NULL,\u000a    "execution_time" INT NOT NULL,\u000a    "success" BIT NOT NULL\u000a)
INSERT INTO "AUTHHELPER_FLYWAY_SCHEMA_HISTORY" VALUES(1,'0','<< Flyway Baseline >>','BASELINE','<< Flyway Baseline >>',NULL,'SA','2025-08-28 09:18:20.410351',0,'1')
COMMIT
ALTER TABLE "PUBLIC"."AUTHHELPER_FLYWAY_SCHEMA_HISTORY" ADD CONSTRAINT "AUTHHELPER_FLYWAY_SCHEMA_HISTORY_pk" PRIMARY KEY ("installed_rank")
CREATE INDEX "PUBLIC"."AUTHHELPER_FLYWAY_SCHEMA_HISTORY_s_idx" ON "PUBLIC"."AUTHHELPER_FLYWAY_SCHEMA_HISTORY" ("success")
SET SCHEMA "PUBLIC"
CREATE CACHED TABLE IF NOT EXISTS "AUTHHELPER_DIAGNOSTIC" (\u000a    "CREATETIMESTAMP" TIMESTAMP NULL,\u000a    "ID" BIGINT GENERATED BY DEFAULT AS IDENTITY PRIMARY KEY,\u000a    "AUTHENTICATIONMETHOD" VARCHAR(4096) NOT NULL,\u000a    "CONTEXT" VARCHAR(4096) NOT NULL,\u000a    "USER" VARCHAR(4096) NOT NULL,\u000a)
CREATE CACHED TABLE IF NOT EXISTS "AUTHHELPER_DIAGNOSTIC_STEP" (\u000a    "CREATETIMESTAMP" TIMESTAMP NULL,\u000a    "ID" BIGINT GENERATED BY DEFAULT AS IDENTITY PRIMARY KEY,\u000a    "DIAGNOSTICID" BIGINT NOT NULL,\u000a    "NUMBER" BIGINT NOT NULL,\u000a    "URL" VARCHAR(4096) NOT NULL,\u000a    "DESCRIPTION" VARCHAR(4096) NOT NULL,\u000a    "WEBELEMENTID" BIGINT NULL,\u000a)
CREATE INDEX "AUTHHELPER_DIAGNOSTIC_STEP_DIAGNOSTICID_IDX" ON "AUTHHELPER_DIAGNOSTIC_STEP" ("DIAGNOSTICID")
CREATE CACHED TABLE IF NOT EXISTS "AUTHHELPER_DIAGNOSTIC_MESSAGE" (\u000a    "CREATETIMESTAMP" TIMESTAMP NULL,\u000a    "ID" BIGINT GENERATED BY DEFAULT AS IDENTITY PRIMARY KEY,\u000a    "STEPID" BIGINT NOT NULL,\u000a    "NUMBER" BIGINT NOT NULL,\u000a    "MESSAGEID" BIGINT NOT NULL,\u000a)
CREATE INDEX "AUTHHELPER_DIAGNOSTIC_MESSAGE_STEPID_IDX" ON "AUTHHELPER_DIAGNOSTIC_MESSAGE" ("STEPID")
CREATE CACHED TABLE IF NOT EXISTS "AUTHHELPER_DIAGNOSTIC_SCREENSHOT" (\u000a    "CREATETIMESTAMP" TIMESTAMP NULL,\u000a    "ID" BIGINT GENERATED BY DEFAULT AS IDENTITY PRIMARY KEY,\u000a    "STEPID" BIGINT NOT NULL,\u000a    "DATA" VARCHAR(8388608) NOT NULL,\u000a)
CREATE INDEX "AUTHHELPER_DIAGNOSTIC_SCREENSHOT_STEPID_IDX" ON "AUTHHELPER_DIAGNOSTIC_SCREENSHOT" ("STEPID")
CREATE CACHED TABLE IF NOT EXISTS "AUTHHELPER_DIAGNOSTIC_WEB_ELEMENT" (\u000a    "CREATETIMESTAMP" TIMESTAMP NULL,\u000a    "ID" BIGINT GENERATED BY DEFAULT AS IDENTITY PRIMARY KEY,\u000a    "FORMINDEX" BIGINT NULL,\u000a    "ATTRIBUTETYPE" VARCHAR(1024) NULL,\u000a    "ATTRIBUTEID" VARCHAR(1024) NULL,\u000a    "ATTRIBUTENAME" VARCHAR(1024) NULL,\u000a    "ATTRIBUTEVALUE" VARCHAR(1024) NULL,\u000a    "TEXT" VARCHAR(4096) NULL,\u000a    "DISPLAYED" BOOLEAN NOT NULL,\u000a    "ENABLED" BOOLEAN NOT NULL,\u000a)
CREATE CACHED TABLE IF NOT EXISTS "AUTHHELPER_DIAGNOSTIC_STEP_WEB_ELEMENTS" (\u000a    "STEPID" BIGINT NOT NULL,\u000a    "WEBELEMENTID" BIGINT NOT NULL,\u000a    "NUMBER" BIGINT NOT NULL,\u000a)
CREATE INDEX "AUTHHELPER_DIAGNOSTIC_STEP_WEB_ELEMENTS_STEPID_IDX" ON "AUTHHELPER_DIAGNOSTIC_STEP_WEB_ELEMENTS" ("STEPID")
CREATE INDEX "AUTHHELPER_DIAGNOSTIC_STEP_WEB_ELEMENTS_WEBELEMENTID_IDX" ON "AUTHHELPER_DIAGNOSTIC_STEP_WEB_ELEMENTS" ("WEBELEMENTID")
INSERT INTO "AUTHHELPER_FLYWAY_SCHEMA_HISTORY" VALUES(2,'1','Create tables','SQL','V1__Create_tables.sql',1328189853,'SA','2025-08-28 09:18:20.495592',21,'1')
COMMIT
SET SCHEMA "PUBLIC"
CREATE CACHED TABLE IF NOT EXISTS "AUTHHELPER_DIAGNOSTIC_BROWSER_STORAGE_ITEM" (\u000a    "CREATETIMESTAMP" TIMESTAMP NULL,\u000a    "ID" BIGINT GENERATED BY DEFAULT AS IDENTITY PRIMARY KEY,\u000a    "STEPID" BIGINT NOT NULL,\u000a    "TYPE" INTEGER NOT NULL,\u000a    "NUMBER" BIGINT NOT NULL,\u000a    "KEY" VARCHAR(4096) NOT NULL,\u000a    "VALUE" VARCHAR(65536) NULL,\u000a)
CREATE INDEX "AUTHHELPER_DIAGNOSTIC_BROWSER_STORAGE_ITEM_STEPID_IDX" ON "AUTHHELPER_DIAGNOSTIC_BROWSER_STORAGE_ITEM" ("STEPID")
INSERT INTO "AUTHHELPER_FLYWAY_SCHEMA_HISTORY" VALUES(3,'2','Create storage tables','SQL','V2__Create_storage_tables.sql',716709220,'SA','2025-08-28 09:18:20.521565',6,'1')
COMMIT
SET SCHEMA "PUBLIC"
ALTER TABLE "AUTHHELPER_DIAGNOSTIC" ADD COLUMN "SCRIPT" VARCHAR(4194304) NULL
ALTER TABLE "AUTHHELPER_DIAGNOSTIC_WEB_ELEMENT" ADD COLUMN "TAGNAME" VARCHAR(1024) NULL BEFORE "ATTRIBUTETYPE"
ALTER TABLE "AUTHHELPER_DIAGNOSTIC_MESSAGE" ADD COLUMN "INITIATOR" INTEGER DEFAULT 0 NOT NULL
INSERT INTO "AUTHHELPER_FLYWAY_SCHEMA_HISTORY" VALUES(4,'3','Improve diags','SQL','V3__Improve_diags.sql',1983019233,'SA','2025-08-28 09:18:20.545833',8,'1')
COMMIT
SET SCHEMA "PUBLIC"
DISCONNECT
/*C17*/SET SCHEMA PUBLIC
CREATE CACHED TABLE openapi_specs (id INT NOT NULL IDENTITY, definition CLOB(64M) NOT NULL, target NVARCHAR(2048), session_id BIGINT NOT NULL, context_id INT NOT NULL, PRIMARY KEY (id))
