2025-08-12 06:03:00,776 [main ] INFO  Constant - Copying default configuration to /home/zap/.ZAP/config.xml
2025-08-12 06:03:01,068 [main ] INFO  Constant - Creating directory /home/zap/.ZAP/session
2025-08-12 06:03:01,069 [main ] INFO  Constant - Creating directory /home/zap/.ZAP/dirbuster
2025-08-12 06:03:01,069 [main ] INFO  Constant - Creating directory /home/zap/.ZAP/fuzzers
2025-08-12 06:03:01,069 [main ] INFO  Constant - Creating directory /home/zap/.ZAP/plugin
2025-08-12 06:03:01,271 [main ] INFO  CommandLineBootstrap - ZAP 2.16.1 started 12/08/2025, 06:03:01 with home: /home/zap/.ZAP/ cores: 32 maxMemory: 23 GB
2025-08-12 06:03:05,744 [main ] INFO  ExtensionFactory - Installed add-ons: [[id=alertFilters, version=24.0.0], [id=ascanrules, version=72.0.0], [id=authhelper, version=0.27.0], [id=automation, version=0.51.0], [id=bruteforce, version=17.0.0], [id=callhome, version=0.14.0], [id=client, version=0.16.0], [id=commonlib, version=1.34.0], [id=database, version=0.8.0], [id=diff, version=17.0.0], [id=directorylistv1, version=9.0.0], [id=domxss, version=22.0.0], [id=encoder, version=1.7.0], [id=exim, version=0.14.0], [id=formhandler, version=6.7.0], [id=fuzz, version=13.16.0], [id=gettingStarted, version=19.0.0], [id=graaljs, version=0.9.0], [id=graphql, version=0.28.0], [id=help, version=20.0.0], [id=hud, version=0.19.0], [id=invoke, version=16.0.0], [id=network, version=0.22.0], [id=oast, version=0.22.0], [id=onlineMenu, version=14.0.0], [id=openapi, version=45.0.0], [id=postman, version=0.6.0], [id=pscan, version=0.3.0], [id=pscanrules, version=66.0.0], [id=quickstart, version=52.0.0], [id=replacer, version=20.0.0], [id=reports, version=0.39.0], [id=requester, version=7.8.0], [id=retest, version=0.11.0], [id=retire, version=0.48.0], [id=reveal, version=10.0.0], [id=scanpolicies, version=0.3.0], [id=scripts, version=45.12.0], [id=selenium, version=15.39.0], [id=sequence, version=8.0.0], [id=soap, version=25.0.0], [id=spider, version=0.15.0], [id=spiderAjax, version=23.25.0], [id=tips, version=14.0.0], [id=webdriverlinux, version=150.0.0], [id=websocket, version=33.0.0], [id=zest, version=48.8.0]]
2025-08-12 06:03:05,745 [main ] INFO  ExtensionFactory - Loading extensions
2025-08-12 06:03:06,673 [main ] INFO  TlsUtils - Using supported SSL/TLS protocols: [TLSv1.2, TLSv1.3]
2025-08-12 06:03:07,325 [main ] INFO  ExtensionFactory - Extensions loaded
2025-08-12 06:03:09,832 [main ] INFO  ExtensionLoader - Initializing Auto-update Extension - Allows ZAP to check for updates
2025-08-12 06:03:09,836 [main ] INFO  ExtensionLoader - Initializing Options Extension - Options Extension
2025-08-12 06:03:09,837 [main ] INFO  ExtensionLoader - Initializing Edit Menu Extension - Edit Menu Extension
2025-08-12 06:03:09,837 [main ] INFO  ExtensionLoader - Initializing API Extension - Provides a rest based API for controlling and accessing ZAP
2025-08-12 06:03:09,847 [main ] INFO  ExtensionLoader - Initializing History Extension - History Extension
2025-08-12 06:03:09,849 [main ] INFO  ExtensionLoader - Initializing ExtensionReveal - Show hidden fields and enable disabled fields
2025-08-12 06:03:09,850 [main ] INFO  ExtensionLoader - Initializing Search Extension - Search messages for strings and regular expressions
2025-08-12 06:03:09,852 [main ] INFO  ExtensionLoader - Initializing Breakpoint Extension - Allows you to intercept and modify requests and responses
2025-08-12 06:03:09,854 [main ] INFO  ExtensionLoader - Initializing Passive Scan Extension - Passive scanner
2025-08-12 06:03:09,854 [main ] INFO  ExtensionLoader - Initializing Alerts Extension - Allows you to view and manage alerts
2025-08-12 06:03:09,858 [main ] INFO  ExtensionLoader - Initializing Active Scan Extension - Active scanner, heavily based on the original Paros active scanner, but with additional tests added
2025-08-12 06:03:09,872 [main ] INFO  ExtensionLoader - Initializing ExtensionSequence - ExtensionSequence
2025-08-12 06:03:09,873 [main ] INFO  ExtensionLoader - Initializing Standard Menus Extension - A set of common popup menus for miscellaneous tasks
2025-08-12 06:03:09,873 [main ] INFO  ExtensionLoader - Initializing ExtensionBruteForce - Forced browsing of files and directories using code from the OWASP DirBuster tool
2025-08-12 06:03:09,875 [main ] INFO  ExtensionLoader - Initializing Compare Extension - Compares 2 sessions and generates an HTML file showing the differences
2025-08-12 06:03:09,875 [main ] INFO  ExtensionLoader - Initializing ExtensionInvoke - Invoke external applications passing context related information such as URLs and parameters
2025-08-12 06:03:09,875 [main ] INFO  ExtensionLoader - Initializing Anti-CSRF Extension - Handles anti cross site request forgery (CSRF) tokens
2025-08-12 06:03:09,890 [main ] INFO  ExtensionLoader - Initializing Authentication Extension - Authentication Extension
2025-08-12 06:03:09,903 [main ] INFO  ExtensionAuthentication - Loaded authentication method types: [Form-based Authentication, HTTP/NTLM Authentication, Manual Authentication, Script-based Authentication, JSON-based Authentication]
2025-08-12 06:03:09,905 [main ] INFO  ExtensionLoader - Initializing Users Extension - Users Extension
2025-08-12 06:03:09,909 [main ] INFO  ExtensionLoader - Initializing Parameters Extension - Summarise and analyse FORM and URL parameters as well as cookies
2025-08-12 06:03:09,910 [main ] INFO  ExtensionLoader - Initializing Script Extension - Script integration
2025-08-12 06:03:09,918 [main ] INFO  ExtensionLoader - Initializing ExtensionScripts - Scripting console, supports all JSR 223 scripting languages
2025-08-12 06:03:09,945 [main ] INFO  ExtensionLoader - Initializing Forced User Extension - Forced User Extension
2025-08-12 06:03:09,945 [main ] INFO  ExtensionLoader - Initializing HTTP Sessions Extension - Extension handling HTTP sessions
2025-08-12 06:03:09,947 [main ] INFO  ExtensionLoader - Initializing ExtensionZest - Zest is a specialized scripting language, originally, from Mozilla specifically designed to be used in security tools
2025-08-12 06:03:10,082 [main ] INFO  ExtensionLoader - Initializing ExtensionDiff - ExtensionDiff
2025-08-12 06:03:10,082 [main ] INFO  ExtensionLoader - Initializing HTTP Panel Post Table View Extension - HTTP Panel Post Table View Extension
2025-08-12 06:03:10,082 [main ] INFO  ExtensionLoader - Initializing Encoder Addon - Adds support for scriptable encoders to ZAP.
2025-08-12 06:03:10,083 [main ] INFO  ExtensionLoader - Initializing Session Management Extension - Session Management Extension
2025-08-12 06:03:10,087 [main ] INFO  ExtensionSessionManagement - Loaded session management method types: [Cookie-based Session Management, HTTP Authentication Session Management, Script-based Session Management]
2025-08-12 06:03:10,089 [main ] INFO  ExtensionLoader - Initializing HTTP Panel Form Table View Extension - HTTP Panel Form Table View Extension
2025-08-12 06:03:10,090 [main ] INFO  ExtensionLoader - Initializing WebSockets Support - Capture messages from WebSockets with the ability to set breakpoints.
2025-08-12 06:03:10,116 [main ] INFO  ExtensionLoader - Initializing SOAP/WSDL Support - Allows you to import a WSDL file containing operations which ZAP will access, adding them to the Sites tree.
2025-08-12 06:03:10,118 [main ] INFO  ExtensionLoader - Initializing Core UI Extension - Core UI related functionality.
2025-08-12 06:03:10,118 [main ] INFO  ExtensionLoader - Initializing Authorization Extension - Authorization Extension
2025-08-12 06:03:10,118 [main ] INFO  ExtensionLoader - Initializing Requester - Allows to manually edit and send messages.
2025-08-12 06:03:10,124 [main ] INFO  ExtensionLoader - Initializing AJAX Spider - AJAX Spider, uses Crawljax
2025-08-12 06:03:10,134 [main ] INFO  ExtensionLoader - Initializing WebDriver Provider - Provides WebDrivers to control several browsers using Selenium and includes HtmlUnit browser.
2025-08-12 06:03:10,159 [main ] INFO  ExtensionLoader - Initializing Refresh Sites Tree Extension - Adds menu item to refresh the Sites tree
2025-08-12 06:03:10,159 [main ] INFO  ExtensionLoader - Initializing Help Extension - ZAP User Guide
2025-08-12 06:03:10,160 [main ] INFO  ExtensionLoader - Initializing Call Home - Handles all of the calls to ZAP services
2025-08-12 06:03:10,161 [main ] INFO  ExtensionLoader - Initializing Network Extension - Provides core networking capabilities.
2025-08-12 06:03:10,233 [main ] INFO  ConnectionOptions - Unsafe SSL/TLS renegotiation disabled.
2025-08-12 06:03:10,236 [main ] INFO  ExtensionLoader - Initializing Extension Configuration Extension - Allows you to configure which extensions are loaded when ZAP starts
2025-08-12 06:03:10,237 [main ] INFO  ExtensionLoader - Initializing Combined HTTP Panels Extension - Combined HTTP Panels Extension
2025-08-12 06:03:10,237 [main ] INFO  ExtensionLoader - Initializing HTTP Panel Hex View Extension - HTTP Panel Hex View Extension
2025-08-12 06:03:10,237 [main ] INFO  ExtensionLoader - Initializing HTTP Panel Image View Extension - HTTP Panel Image View Extension
2025-08-12 06:03:10,237 [main ] INFO  ExtensionLoader - Initializing HTTP Panel Query Table View Extension - HTTP Panel Query Table View Extension
2025-08-12 06:03:10,238 [main ] INFO  ExtensionLoader - Initializing HTTP Panel Syntax Highlighter View Extension - HTTP Panel Syntax Highlighter View Extension
2025-08-12 06:03:10,238 [main ] INFO  ExtensionLoader - Initializing Keyboard Configuration Extension - Adds support for configurable keyboard shortcuts for all of the ZAP menus.
2025-08-12 06:03:10,238 [main ] INFO  ExtensionLoader - Initializing Scanner Rule Configuration Extension - Active and passive rule configuration
2025-08-12 06:03:10,240 [main ] INFO  ExtensionLoader - Initializing Statistics Extension - Statistics
2025-08-12 06:03:10,241 [main ] INFO  ExtensionStats - Start recording in memory stats
2025-08-12 06:03:10,244 [main ] INFO  ExtensionLoader - Initializing Custom Pages Extension - Custom Pages Definition
2025-08-12 06:03:10,244 [main ] INFO  ExtensionLoader - Initializing Database Extension - Provides databases and persistence capabilities.
2025-08-12 06:03:10,245 [main ] INFO  ExtensionLoader - Initializing ExtensionAlertFilters - Context alert rules filter
2025-08-12 06:03:10,253 [main ] INFO  ExtensionLoader - Initializing Alert Filters Automation - Alert Filters Automation Framework Integration
2025-08-12 06:03:10,257 [main ] INFO  ExtensionLoader - Initializing Active Scan Rules - Release status active scan rules
2025-08-12 06:03:10,257 [main ] INFO  ExtensionLoader - Initializing Authentication Helper - Authentication Helper
2025-08-12 06:03:10,272 [main ] INFO  ExtensionLoader - Initializing Client Spider Browser Based Authentication Support - Enables browser based authentication when performing an authenticated Client Spider scan.
2025-08-12 06:03:10,274 [main ] INFO  ExtensionLoader - Initializing Authentication Helper Reports - Authentication Helper Reports
2025-08-12 06:03:10,275 [main ] INFO  ExtensionLoader - Initializing AJAX Spider Browser Based Authentication Support - Enables browser based authentication when performing an authenticated AJAX Spider scan.
2025-08-12 06:03:10,276 [main ] INFO  ExtensionLoader - Initializing Automation Framework - Provides functionality to simplify using ZAP in an automated manner
2025-08-12 06:03:10,281 [main ] INFO  ExtensionLoader - Initializing ExtensionClientIntegration - Client Side Integration
2025-08-12 06:03:10,288 [main ] INFO  ExtensionLoader - Initializing Client Spider Automation - Client Spider Automation Framework Integration
2025-08-12 06:03:10,290 [main ] INFO  ExtensionLoader - Initializing Client Zest Script Recording Support - Allows recording client events as Zest scripts.
2025-08-12 06:03:10,296 [main ] INFO  ExtensionLoader - Initializing Common Library - A library of shared functionality
2025-08-12 06:03:10,298 [main ] INFO  ExtensionLoader - Initializing ExtensionHUD - Heads Up Display
2025-08-12 06:03:10,806 [main ] INFO  ExtensionLoader - Initializing ExtensionHUDlaunch - ExtensionHUDlaunch
2025-08-12 06:03:10,807 [main ] INFO  ExtensionLoader - Initializing ExtensionDomXSS - DOM XSS Active Scan Rule
2025-08-12 06:03:10,987 [main ] INFO  ExtensionLoader - Initializing Import/Export - Import and Export functionality supporting multiple formats.
2025-08-12 06:03:10,989 [main ] INFO  ExtensionLoader - Initializing Import/Export Automation - Import/Export Automation Framework Integration
2025-08-12 06:03:10,995 [main ] INFO  ExtensionLoader - Initializing ExtensionFormHandler - This extension allows a user to change the default values used for generated content (e.g. spiders, importers).
2025-08-12 06:03:11,016 [main ] INFO  ExtensionLoader - Initializing Advance Fuzzer - Provides the foundation for concrete message types (for example, HTTP, WebSockets) expose fuzzer implementations.
2025-08-12 06:03:11,018 [main ] INFO  ExtensionLoader - Initializing HTTP Fuzzer - Allows to fuzz HTTP messages.
2025-08-12 06:03:11,019 [main ] INFO  ExtensionLoader - Initializing ExtensionGettingStarted - The ZAP Getting Started Guide
2025-08-12 06:03:11,019 [main ] INFO  ExtensionLoader - Initializing GraalVM JavaScript Engine Extension - Provides the GraalVM JavaScript engine for ZAP scripting.
2025-08-12 06:03:11,332 [main ] INFO  ExtensionLoader - Initializing Report Generator - Templated and themed report generation functionality
2025-08-12 06:03:11,335 [main ] INFO  ExtensionLoader - Initializing Report Generation Automation Integration - Report Generation Automation Integration
2025-08-12 06:03:11,339 [main ] INFO  ExtensionLoader - Initializing ExtensionGraphQl - Allows you to inspect and attack GraphQL endpoints.
2025-08-12 06:03:11,344 [main ] INFO  ExtensionLoader - Initializing GraphQL Automation - GraphQL Automation Framework Integration
2025-08-12 06:03:11,346 [main ] INFO  ExtensionLoader - Initializing GraphQL Spider - GraphQL Spider Integration
2025-08-12 06:03:11,346 [main ] INFO  ExtensionLoader - Initializing Out-of-band Application Security Testing - Adds Out-of-band Application Security Testing functionality.
2025-08-12 06:03:11,352 [main ] INFO  ExtensionLoader - Initializing OAST Scripts - Adds OAST scripts.
2025-08-12 06:03:11,352 [main ] INFO  ExtensionLoader - Initializing ExtensionOnlineMenu - The Online menu links
2025-08-12 06:03:11,352 [main ] INFO  ExtensionLoader - Initializing OpenAPI Import - Allows you to spider and import OpenAPI (Swagger) definitions 
2025-08-12 06:03:11,354 [main ] INFO  ExtensionLoader - Initializing OpenAPI Automation - OpenAPI Automation Framework Integration
2025-08-12 06:03:11,356 [main ] INFO  ExtensionLoader - Initializing OpenAPI Spider - OpenAPI Spider Integration
2025-08-12 06:03:11,360 [main ] INFO  ExtensionLoader - Initializing Postman Import - Allows you to spider and import Postman collections
2025-08-12 06:03:11,360 [main ] INFO  ExtensionLoader - Initializing Postman Automation - Postman Automation Framework Integration
2025-08-12 06:03:11,362 [main ] INFO  ExtensionLoader - Initializing Passive Scanner Extension - Provides core passive scanning capabilities.
2025-08-12 06:03:11,393 [main ] INFO  ExtensionLoader - Initializing Passive Scanner Automation Framework Extension - Provides jobs and result data related to the passive scanner.
2025-08-12 06:03:11,393 [main ] INFO  ExtensionLoader - Initializing Passive Scan Rules - Release status passive scan rules.
2025-08-12 06:03:11,394 [main ] INFO  ExtensionLoader - Initializing Quick Start panel  - Adds the Quick Start panel for scanning and exploring applications
2025-08-12 06:03:11,395 [main ] INFO  ExtensionLoader - Initializing Quick Start Ajax Spider integration - Add the option to use the Ajax Spider in the Quick Start scan
2025-08-12 06:03:11,396 [main ] INFO  ExtensionLoader - Initializing Quick Start HUD Integration - HUD integration for the quick start panel
2025-08-12 06:03:11,396 [main ] INFO  ExtensionLoader - Initializing Quick Start Browser Launcher - Launch browsers preset proxying through ZAP
2025-08-12 06:03:11,396 [main ] INFO  ExtensionLoader - Initializing Quick Start Spider Integration - Adds the option to use the traditional Spider in the Quick Start scan.
2025-08-12 06:03:11,398 [main ] INFO  ExtensionLoader - Initializing Match and Replace - Easy way to replace strings in requests and responses
2025-08-12 06:03:11,402 [main ] INFO  ExtensionLoader - Initializing Replacer Automation - Replacer Automation Framework Integration
2025-08-12 06:03:11,403 [main ] INFO  ExtensionLoader - Initializing Retest - Facilitates the verification of presence/absence of certain alerts.
2025-08-12 06:03:11,404 [main ] INFO  ExtensionLoader - Initializing Scripts Automation Framework Integration - Scripts Automation
2025-08-12 06:03:11,416 [main ] INFO  ExtensionLoader - Initializing Sequence Automation - Sequence Automation Framework Integration
2025-08-12 06:03:11,469 [main ] INFO  ExtensionLoader - Initializing SOAP Automation - SOAP Automation Framework Integration
2025-08-12 06:03:11,471 [main ] INFO  ExtensionLoader - Initializing SOAP Spider - SOAP Spider Integration
2025-08-12 06:03:11,472 [main ] INFO  ExtensionLoader - Initializing Spider Extension - Spider used for automatically finding URIs on a site.
2025-08-12 06:03:11,542 [main ] INFO  ExtensionLoader - Initializing Spider Automation - Spider Automation Integration
2025-08-12 06:03:11,547 [main ] INFO  ExtensionLoader - Initializing Ajax Spider Automation - Ajax Spider Automation Framework Integration
2025-08-12 06:03:11,552 [main ] INFO  ExtensionLoader - Initializing ExtensionTipsAndTricks - Tips and Tricks
2025-08-12 06:03:11,552 [main ] INFO  ExtensionLoader - Initializing WebSocket Fuzzer - Allows to fuzz WebSocket messages.
2025-08-12 06:03:11,552 [main ] INFO  ExtensionLoader - Initializing WebSocket Message Editor - Provides the WebSocket Message Editor dialogues.
2025-08-12 06:03:11,608 [main ] ERROR ExtensionClientIntegration - /home/zap/.mozilla/firefox/1337hack.zap-client-profile/extension-preferences.json
java.nio.file.AccessDeniedException: /home/zap/.mozilla/firefox/1337hack.zap-client-profile/extension-preferences.json
	at java.base/sun.nio.fs.UnixException.translateToIOException(UnixException.java:90) ~[?:?]
	at java.base/sun.nio.fs.UnixException.rethrowAsIOException(UnixException.java:106) ~[?:?]
	at java.base/sun.nio.fs.UnixException.rethrowAsIOException(UnixException.java:111) ~[?:?]
	at java.base/sun.nio.fs.UnixFileSystemProvider.newByteChannel(UnixFileSystemProvider.java:218) ~[?:?]
	at java.base/java.nio.file.spi.FileSystemProvider.newOutputStream(FileSystemProvider.java:484) ~[?:?]
	at java.base/java.nio.file.Files.newOutputStream(Files.java:228) ~[?:?]
	at org.apache.commons.io.file.PathUtils.newOutputStream(PathUtils.java:1295) ~[commons-io-2.18.0.jar:2.18.0]
	at org.apache.commons.io.file.PathUtils.newOutputStream(PathUtils.java:1286) ~[commons-io-2.18.0.jar:2.18.0]
	at org.apache.commons.io.FileUtils.newOutputStream(FileUtils.java:2623) ~[commons-io-2.18.0.jar:2.18.0]
	at org.apache.commons.io.FileUtils.copyToFile(FileUtils.java:1093) ~[commons-io-2.18.0.jar:2.18.0]
	at org.apache.commons.io.FileUtils.copyInputStreamToFile(FileUtils.java:1002) ~[commons-io-2.18.0.jar:2.18.0]
	at org.zaproxy.addon.client.ExtensionClientIntegration.postInit(ExtensionClientIntegration.java:349) [client-alpha-0.16.0.zap:?]
	at org.parosproxy.paros.extension.ExtensionLoader.hookAllExtension(ExtensionLoader.java:1001) [zap-2.16.1.jar:2.16.1]
	at org.parosproxy.paros.extension.ExtensionLoader.startLifeCycle(ExtensionLoader.java:836) [zap-2.16.1.jar:2.16.1]
	at org.parosproxy.paros.control.AbstractControl.loadExtension(AbstractControl.java:58) [zap-2.16.1.jar:2.16.1]
	at org.parosproxy.paros.control.Control.init(Control.java:156) [zap-2.16.1.jar:2.16.1]
	at org.parosproxy.paros.control.Control.initSingletonWithoutView(Control.java:389) [zap-2.16.1.jar:2.16.1]
	at org.zaproxy.zap.HeadlessBootstrap.initControl(HeadlessBootstrap.java:59) [zap-2.16.1.jar:2.16.1]
	at org.zaproxy.zap.CommandLineBootstrap.start(CommandLineBootstrap.java:72) [zap-2.16.1.jar:2.16.1]
	at org.zaproxy.zap.ZAP.main(ZAP.java:99) [zap-2.16.1.jar:2.16.1]
2025-08-12 06:03:11,978 [main ] INFO  CallbackService - Started callback service on 0.0.0.0:33055
2025-08-12 06:03:11,985 [main ] INFO  ScanRuleManager - Loaded passive scan rule: Authentication Request Identified
2025-08-12 06:03:11,987 [main ] INFO  ScanRuleManager - Loaded passive scan rule: Session Management Response Identified
2025-08-12 06:03:11,988 [main ] INFO  ScanRuleManager - Loaded passive scan rule: Verification Request Identified
2025-08-12 06:03:12,062 [main ] INFO  ScanRuleManager - Loaded passive scan rule: Anti-clickjacking Header
2025-08-12 06:03:12,063 [main ] INFO  ScanRuleManager - Loaded passive scan rule: Application Error Disclosure
2025-08-12 06:03:12,063 [main ] INFO  ScanRuleManager - Loaded passive scan rule: Big Redirect Detected (Potential Sensitive Information Leak)
2025-08-12 06:03:12,063 [main ] INFO  ScanRuleManager - Loaded passive scan rule: Re-examine Cache-control Directives
2025-08-12 06:03:12,063 [main ] INFO  ScanRuleManager - Loaded passive scan rule: Charset Mismatch
2025-08-12 06:03:12,063 [main ] INFO  ScanRuleManager - Loaded passive scan rule: Content Security Policy (CSP) Header Not Set
2025-08-12 06:03:12,064 [main ] INFO  ScanRuleManager - Loaded passive scan rule: CSP
2025-08-12 06:03:12,064 [main ] INFO  ScanRuleManager - Loaded passive scan rule: Content-Type Header Missing
2025-08-12 06:03:12,064 [main ] INFO  ScanRuleManager - Loaded passive scan rule: Cookie No HttpOnly Flag
2025-08-12 06:03:12,064 [main ] INFO  ScanRuleManager - Loaded passive scan rule: Loosely Scoped Cookie
2025-08-12 06:03:12,064 [main ] INFO  ScanRuleManager - Loaded passive scan rule: Cookie without SameSite Attribute
2025-08-12 06:03:12,064 [main ] INFO  ScanRuleManager - Loaded passive scan rule: Cookie Without Secure Flag
2025-08-12 06:03:12,069 [main ] INFO  ScanRuleManager - Loaded passive scan rule: Cross-Domain Misconfiguration
2025-08-12 06:03:12,069 [main ] INFO  ScanRuleManager - Loaded passive scan rule: Cross-Domain JavaScript Source File Inclusion
2025-08-12 06:03:12,070 [main ] INFO  ScanRuleManager - Loaded passive scan rule: Absence of Anti-CSRF Tokens
2025-08-12 06:03:12,070 [main ] INFO  ScanRuleManager - Loaded passive scan rule: Directory Browsing
2025-08-12 06:03:12,070 [main ] INFO  ScanRuleManager - Loaded passive scan rule: Hash Disclosure
2025-08-12 06:03:12,070 [main ] INFO  ScanRuleManager - Loaded passive scan rule: Heartbleed OpenSSL Vulnerability (Indicative)
2025-08-12 06:03:12,070 [main ] INFO  ScanRuleManager - Loaded passive scan rule: Private IP Disclosure
2025-08-12 06:03:12,071 [main ] INFO  ScanRuleManager - Loaded passive scan rule: Session ID in URL Rewrite
2025-08-12 06:03:12,071 [main ] INFO  ScanRuleManager - Loaded passive scan rule: Information Disclosure - Debug Error Messages
2025-08-12 06:03:12,071 [main ] INFO  ScanRuleManager - Loaded passive scan rule: Information Disclosure - Sensitive Information in URL
2025-08-12 06:03:12,071 [main ] INFO  ScanRuleManager - Loaded passive scan rule: Information Disclosure - Sensitive Information in HTTP Referrer Header
2025-08-12 06:03:12,071 [main ] INFO  ScanRuleManager - Loaded passive scan rule: Information Disclosure - Suspicious Comments
2025-08-12 06:03:12,071 [main ] INFO  ScanRuleManager - Loaded passive scan rule: Weak Authentication Method
2025-08-12 06:03:12,071 [main ] INFO  ScanRuleManager - Loaded passive scan rule: HTTP to HTTPS Insecure Transition in Form Post
2025-08-12 06:03:12,071 [main ] INFO  ScanRuleManager - Loaded passive scan rule: HTTPS to HTTP Insecure Transition in Form Post
2025-08-12 06:03:12,071 [main ] INFO  ScanRuleManager - Loaded passive scan rule: Insecure JSF ViewState
2025-08-12 06:03:12,072 [main ] INFO  ScanRuleManager - Loaded passive scan rule: Reverse Tabnabbing
2025-08-12 06:03:12,072 [main ] INFO  ScanRuleManager - Loaded passive scan rule: Secure Pages Include Mixed Content
2025-08-12 06:03:12,072 [main ] INFO  ScanRuleManager - Loaded passive scan rule: Modern Web Application
2025-08-12 06:03:12,072 [main ] INFO  ScanRuleManager - Loaded passive scan rule: PII Disclosure
2025-08-12 06:03:12,072 [main ] INFO  ScanRuleManager - Loaded passive scan rule: Script Served From Malicious Domain (polyfill)
2025-08-12 06:03:12,072 [main ] INFO  ScanRuleManager - Loaded passive scan rule: Retrieved from Cache
2025-08-12 06:03:12,072 [main ] INFO  ScanRuleManager - Loaded passive scan rule: HTTP Server Response Header
2025-08-12 06:03:12,072 [main ] INFO  ScanRuleManager - Loaded passive scan rule: Strict-Transport-Security Header
2025-08-12 06:03:12,073 [main ] INFO  ScanRuleManager - Loaded passive scan rule: Timestamp Disclosure
2025-08-12 06:03:12,073 [main ] INFO  ScanRuleManager - Loaded passive scan rule: User Controllable Charset
2025-08-12 06:03:12,073 [main ] INFO  ScanRuleManager - Loaded passive scan rule: Cookie Poisoning
2025-08-12 06:03:12,073 [main ] INFO  ScanRuleManager - Loaded passive scan rule: User Controllable HTML Element Attribute (Potential XSS)
2025-08-12 06:03:12,073 [main ] INFO  ScanRuleManager - Loaded passive scan rule: User Controllable JavaScript Event (XSS)
2025-08-12 06:03:12,073 [main ] INFO  ScanRuleManager - Loaded passive scan rule: Off-site Redirect
2025-08-12 06:03:12,073 [main ] INFO  ScanRuleManager - Loaded passive scan rule: Username Hash Found
2025-08-12 06:03:12,073 [main ] INFO  ScanRuleManager - Loaded passive scan rule: Viewstate
2025-08-12 06:03:12,073 [main ] INFO  ScanRuleManager - Loaded passive scan rule: X-AspNet-Version Response Header
2025-08-12 06:03:12,074 [main ] INFO  ScanRuleManager - Loaded passive scan rule: X-Backend-Server Header Information Leak
2025-08-12 06:03:12,074 [main ] INFO  ScanRuleManager - Loaded passive scan rule: X-ChromeLogger-Data (XCOLD) Header Information Leak
2025-08-12 06:03:12,074 [main ] INFO  ScanRuleManager - Loaded passive scan rule: X-Content-Type-Options Header Missing
2025-08-12 06:03:12,074 [main ] INFO  ScanRuleManager - Loaded passive scan rule: X-Debug-Token Information Leak
2025-08-12 06:03:12,074 [main ] INFO  ScanRuleManager - Loaded passive scan rule: Server Leaks Information via "X-Powered-By" HTTP Response Header Field(s)
2025-08-12 06:03:12,075 [main ] INFO  ScanRuleManager - Loaded passive scan rule: ZAP is Out of Date
2025-08-12 06:03:12,077 [main ] INFO  ScanRuleManager - Loaded passive scan rule: Vulnerable JS Library (Powered by Retire.js)
2025-08-12 06:03:12,079 [main ] INFO  ScanRuleManager - Loaded passive scan rule: Script Passive Scan Rules
2025-08-12 06:03:12,081 [main ] INFO  ScanRuleManager - Loaded passive scan rule: WSDL File Detection
2025-08-12 06:03:12,082 [main ] INFO  ScanRuleManager - Loaded passive scan rule: Stats Passive Scan Rule
2025-08-12 06:03:12,085 [main ] INFO  ExtensionNetwork - Creating new root CA certificate.
2025-08-12 06:03:13,398 [main ] INFO  ExtensionNetwork - New root CA certificate created.
2025-08-12 06:03:34,371 [ZAP-SpiderInitThread-0] INFO  SpiderThread - Starting spidering scan on https://example.com at 2025-08-12T06:03:34.370+0000
2025-08-12 06:03:34,375 [ZAP-SpiderInitThread-0] INFO  Spider - Spider initializing...
2025-08-12 06:03:34,396 [ZAP-SpiderInitThread-0] INFO  Spider - Starting spider...
2025-08-12 06:03:55,388 [ZAP-SpiderThreadPool-0-thread-3] INFO  Spider - Spidering process is complete. Shutting down...
2025-08-12 06:03:55,398 [ZAP-SpiderShutdownThread-0] INFO  SpiderThread - Spider scanning complete: true on https://example.com at 2025-08-12T06:03:55.397+0000
2025-08-12 06:03:57,908 [ZAP-QuickStart-AttackThread] INFO  Scanner - scanner with ID 0 started
2025-08-12 06:03:58,413 [ZAP-Scanner-0] INFO  HostProcess - Scanning 3 node(s) from https://example.com
2025-08-12 06:03:58,415 [ZAP-Scanner-0] INFO  HostProcess - start host https://example.com | PathTraversalScanRule strength MEDIUM threshold MEDIUM
2025-08-12 06:03:58,435 [ZAP-Scanner-0] INFO  HostProcess - completed host/plugin https://example.com | PathTraversalScanRule in 0.02s with 0 message(s) sent and 0 alert(s) raised.
2025-08-12 06:03:58,436 [ZAP-Scanner-0] INFO  HostProcess - start host https://example.com | RemoteFileIncludeScanRule strength MEDIUM threshold MEDIUM
2025-08-12 06:03:58,453 [ZAP-Scanner-0] INFO  HostProcess - completed host/plugin https://example.com | RemoteFileIncludeScanRule in 0.017s with 0 message(s) sent and 0 alert(s) raised.
2025-08-12 06:03:58,453 [ZAP-Scanner-0] INFO  HostProcess - start host https://example.com | SourceCodeDisclosureWebInfScanRule strength MEDIUM threshold MEDIUM
2025-08-12 06:03:58,457 [ZAP-Scanner-0] INFO  HostProcess - start host https://example.com | HeartBleedActiveScanRule strength MEDIUM threshold MEDIUM
2025-08-12 06:03:58,459 [ZAP-Scanner-0] INFO  HostProcess - start host https://example.com | SourceCodeDisclosureCve20121823ScanRule strength MEDIUM threshold MEDIUM
2025-08-12 06:04:00,682 [ZAP-ActiveScanner-0] INFO  HostProcess - completed host/plugin https://example.com | SourceCodeDisclosureWebInfScanRule in 2.229s with 5 message(s) sent and 0 alert(s) raised.
2025-08-12 06:04:01,486 [ZAP-ActiveScanner-1] INFO  HostProcess - completed host/plugin https://example.com | HeartBleedActiveScanRule in 3.029s with 0 message(s) sent and 0 alert(s) raised.
2025-08-12 06:04:01,487 [ZAP-Scanner-0] INFO  HostProcess - completed host/plugin https://example.com | SourceCodeDisclosureCve20121823ScanRule in 3.029s with 1 message(s) sent and 0 alert(s) raised.
2025-08-12 06:04:01,488 [ZAP-Scanner-0] INFO  HostProcess - start host https://example.com | RemoteCodeExecutionCve20121823ScanRule strength MEDIUM threshold MEDIUM
2025-08-12 06:04:22,700 [ZAP-Scanner-0] INFO  HostProcess - completed host/plugin https://example.com | RemoteCodeExecutionCve20121823ScanRule in 21.211s with 6 message(s) sent and 0 alert(s) raised.
2025-08-12 06:04:22,700 [ZAP-Scanner-0] INFO  HostProcess - start host https://example.com | ExternalRedirectScanRule strength MEDIUM threshold MEDIUM
2025-08-12 06:04:22,708 [ZAP-Scanner-0] INFO  HostProcess - completed host/plugin https://example.com | ExternalRedirectScanRule in 0.008s with 0 message(s) sent and 0 alert(s) raised.
2025-08-12 06:04:22,708 [ZAP-Scanner-0] INFO  HostProcess - start host https://example.com | ServerSideIncludeScanRule strength MEDIUM threshold MEDIUM
2025-08-12 06:04:22,714 [ZAP-Scanner-0] INFO  HostProcess - completed host/plugin https://example.com | ServerSideIncludeScanRule in 0.006s with 0 message(s) sent and 0 alert(s) raised.
2025-08-12 06:04:22,714 [ZAP-Scanner-0] INFO  HostProcess - start host https://example.com | CrossSiteScriptingScanRule strength MEDIUM threshold MEDIUM
2025-08-12 06:04:22,723 [ZAP-Scanner-0] INFO  HostProcess - completed host/plugin https://example.com | CrossSiteScriptingScanRule in 0.009s with 0 message(s) sent and 0 alert(s) raised.
2025-08-12 06:04:22,723 [ZAP-Scanner-0] INFO  HostProcess - start host https://example.com | PersistentXssPrimeScanRule strength MEDIUM threshold MEDIUM
2025-08-12 06:04:22,730 [ZAP-Scanner-0] INFO  HostProcess - completed host/plugin https://example.com | PersistentXssPrimeScanRule in 0.007s with 0 message(s) sent and 0 alert(s) raised.
2025-08-12 06:04:22,731 [ZAP-Scanner-0] INFO  HostProcess - start host https://example.com | PersistentXssSpiderScanRule strength MEDIUM threshold MEDIUM
2025-08-12 06:04:44,278 [ZAP-Scanner-0] INFO  HostProcess - completed host/plugin https://example.com | PersistentXssSpiderScanRule in 21.548s with 3 message(s) sent and 0 alert(s) raised.
2025-08-12 06:04:44,278 [ZAP-Scanner-0] INFO  HostProcess - start host https://example.com | PersistentXssScanRule strength MEDIUM threshold MEDIUM
2025-08-12 06:04:44,285 [ZAP-Scanner-0] INFO  HostProcess - completed host/plugin https://example.com | PersistentXssScanRule in 0.007s with 0 message(s) sent and 0 alert(s) raised.
2025-08-12 06:04:44,286 [ZAP-Scanner-0] INFO  HostProcess - start host https://example.com | SqlInjectionScanRule strength MEDIUM threshold MEDIUM
2025-08-12 06:04:44,293 [ZAP-Scanner-0] INFO  HostProcess - completed host/plugin https://example.com | SqlInjectionScanRule in 0.007s with 0 message(s) sent and 0 alert(s) raised.
2025-08-12 06:04:44,293 [ZAP-Scanner-0] INFO  HostProcess - start host https://example.com | SqlInjectionMySqlScanRule strength MEDIUM threshold MEDIUM
2025-08-12 06:04:44,299 [ZAP-Scanner-0] INFO  HostProcess - completed host/plugin https://example.com | SqlInjectionMySqlScanRule in 0.006s with 0 message(s) sent and 0 alert(s) raised.
2025-08-12 06:04:44,299 [ZAP-Scanner-0] INFO  HostProcess - start host https://example.com | SqlInjectionHypersonicScanRule strength MEDIUM threshold MEDIUM
2025-08-12 06:04:44,327 [ZAP-Scanner-0] INFO  HostProcess - completed host/plugin https://example.com | SqlInjectionHypersonicScanRule in 0.027s with 0 message(s) sent and 0 alert(s) raised.
2025-08-12 06:04:44,327 [ZAP-Scanner-0] INFO  HostProcess - start host https://example.com | SqlInjectionOracleScanRule strength MEDIUM threshold MEDIUM
2025-08-12 06:04:44,338 [ZAP-Scanner-0] INFO  HostProcess - completed host/plugin https://example.com | SqlInjectionOracleScanRule in 0.011s with 0 message(s) sent and 0 alert(s) raised.
2025-08-12 06:04:44,339 [ZAP-Scanner-0] INFO  HostProcess - start host https://example.com | SqlInjectionPostgreScanRule strength MEDIUM threshold MEDIUM
2025-08-12 06:04:44,345 [ZAP-Scanner-0] INFO  HostProcess - completed host/plugin https://example.com | SqlInjectionPostgreScanRule in 0.007s with 0 message(s) sent and 0 alert(s) raised.
2025-08-12 06:04:44,346 [ZAP-Scanner-0] INFO  HostProcess - start host https://example.com | SqlInjectionSqLiteScanRule strength MEDIUM threshold MEDIUM
2025-08-12 06:04:44,356 [ZAP-Scanner-0] INFO  HostProcess - completed host/plugin https://example.com | SqlInjectionSqLiteScanRule in 0.01s with 0 message(s) sent and 0 alert(s) raised.
2025-08-12 06:04:44,356 [ZAP-Scanner-0] INFO  HostProcess - start host https://example.com | DomXssScanRule strength MEDIUM threshold MEDIUM
2025-08-12 06:04:44,568 [ZAP-ActiveScanner-1] WARN  DomXssScanRule - Skipping scanner, failed to start browser: Could not start a new session. Possible causes are invalid address of the remote server or browser start-up failure. 
Host info: host: 'c9d6be12a04e', ip: '192.168.96.2'
2025-08-12 06:04:44,568 [ZAP-ActiveScanner-2] WARN  DomXssScanRule - Skipping scanner, failed to start browser: Could not start a new session. Possible causes are invalid address of the remote server or browser start-up failure. 
Host info: host: 'c9d6be12a04e', ip: '192.168.96.2'
2025-08-12 06:04:44,568 [ZAP-ActiveScanner-0] WARN  DomXssScanRule - Skipping scanner, failed to start browser: Could not start a new session. Possible causes are invalid address of the remote server or browser start-up failure. 
Host info: host: 'c9d6be12a04e', ip: '192.168.96.2'
2025-08-12 06:04:44,569 [ZAP-Scanner-0] INFO  HostProcess - skipped plugin [failed to start or connect to the browser] https://example.com | DomXssScanRule in 0.213s with 0 message(s) sent and 0 alert(s) raised.
2025-08-12 06:04:44,570 [ZAP-Scanner-0] INFO  HostProcess - start host https://example.com | SqlInjectionMsSqlScanRule strength MEDIUM threshold MEDIUM
2025-08-12 06:04:44,585 [ZAP-Scanner-0] INFO  HostProcess - completed host/plugin https://example.com | SqlInjectionMsSqlScanRule in 0.016s with 0 message(s) sent and 0 alert(s) raised.
2025-08-12 06:04:44,586 [ZAP-Scanner-0] INFO  HostProcess - start host https://example.com | Log4ShellScanRule strength MEDIUM threshold MEDIUM
2025-08-12 06:04:44,592 [ZAP-Scanner-0] INFO  HostProcess - skipped plugin [no Active Scan OAST service is selected] https://example.com | Log4ShellScanRule in 0.006s with 0 message(s) sent and 0 alert(s) raised.
2025-08-12 06:04:44,595 [ZAP-Scanner-0] INFO  HostProcess - start host https://example.com | Spring4ShellScanRule strength MEDIUM threshold MEDIUM
2025-08-12 06:05:26,427 [ZAP-Scanner-0] INFO  HostProcess - completed host/plugin https://example.com | Spring4ShellScanRule in 41.835s with 7 message(s) sent and 0 alert(s) raised.
2025-08-12 06:05:26,428 [ZAP-Scanner-0] INFO  HostProcess - start host https://example.com | CodeInjectionScanRule strength MEDIUM threshold MEDIUM
2025-08-12 06:05:26,434 [ZAP-Scanner-0] INFO  HostProcess - completed host/plugin https://example.com | CodeInjectionScanRule in 0.006s with 0 message(s) sent and 0 alert(s) raised.
2025-08-12 06:05:26,434 [ZAP-Scanner-0] INFO  HostProcess - start host https://example.com | CommandInjectionScanRule strength MEDIUM threshold MEDIUM
2025-08-12 06:05:26,439 [ZAP-Scanner-0] INFO  HostProcess - completed host/plugin https://example.com | CommandInjectionScanRule in 0.005s with 0 message(s) sent and 0 alert(s) raised.
2025-08-12 06:05:26,439 [ZAP-Scanner-0] INFO  HostProcess - start host https://example.com | XpathInjectionScanRule strength MEDIUM threshold MEDIUM
2025-08-12 06:05:26,448 [ZAP-Scanner-0] INFO  HostProcess - completed host/plugin https://example.com | XpathInjectionScanRule in 0.009s with 0 message(s) sent and 0 alert(s) raised.
2025-08-12 06:05:26,449 [ZAP-Scanner-0] INFO  HostProcess - start host https://example.com | XxeScanRule strength MEDIUM threshold MEDIUM
2025-08-12 06:05:26,471 [ZAP-Scanner-0] INFO  HostProcess - completed host/plugin https://example.com | XxeScanRule in 0.022s with 0 message(s) sent and 0 alert(s) raised.
2025-08-12 06:05:26,471 [ZAP-Scanner-0] INFO  HostProcess - start host https://example.com | PaddingOracleScanRule strength MEDIUM threshold MEDIUM
2025-08-12 06:05:26,478 [ZAP-Scanner-0] INFO  HostProcess - completed host/plugin https://example.com | PaddingOracleScanRule in 0.007s with 0 message(s) sent and 0 alert(s) raised.
2025-08-12 06:05:26,479 [ZAP-Scanner-0] INFO  HostProcess - start host https://example.com | CloudMetadataScanRule strength MEDIUM threshold MEDIUM
2025-08-12 06:05:26,483 [ZAP-Scanner-0] INFO  HostProcess - start host https://example.com | SstiScanRule strength MEDIUM threshold MEDIUM
2025-08-12 06:05:32,930 [ZAP-ActiveScanner-0] INFO  HostProcess - completed host/plugin https://example.com | CloudMetadataScanRule in 6.451s with 9 message(s) sent and 0 alert(s) raised.
2025-08-12 06:05:32,934 [ZAP-Scanner-0] INFO  HostProcess - completed host/plugin https://example.com | SstiScanRule in 6.451s with 0 message(s) sent and 0 alert(s) raised.
2025-08-12 06:05:32,934 [ZAP-Scanner-0] INFO  HostProcess - start host https://example.com | SstiBlindScanRule strength MEDIUM threshold MEDIUM
2025-08-12 06:05:32,944 [ZAP-Scanner-0] INFO  HostProcess - completed host/plugin https://example.com | SstiBlindScanRule in 0.01s with 0 message(s) sent and 0 alert(s) raised.
2025-08-12 06:05:32,944 [ZAP-Scanner-0] INFO  HostProcess - start host https://example.com | DirectoryBrowsingScanRule strength MEDIUM threshold MEDIUM
2025-08-12 06:05:34,321 [ZAP-Scanner-0] INFO  HostProcess - completed host/plugin https://example.com | DirectoryBrowsingScanRule in 1.377s with 3 message(s) sent and 0 alert(s) raised.
2025-08-12 06:05:34,322 [ZAP-Scanner-0] INFO  HostProcess - start host https://example.com | BufferOverflowScanRule strength MEDIUM threshold MEDIUM
2025-08-12 06:05:34,332 [ZAP-Scanner-0] INFO  HostProcess - completed host/plugin https://example.com | BufferOverflowScanRule in 0.01s with 0 message(s) sent and 0 alert(s) raised.
2025-08-12 06:05:34,333 [ZAP-Scanner-0] INFO  HostProcess - start host https://example.com | FormatStringScanRule strength MEDIUM threshold MEDIUM
2025-08-12 06:05:34,344 [ZAP-Scanner-0] INFO  HostProcess - completed host/plugin https://example.com | FormatStringScanRule in 0.01s with 0 message(s) sent and 0 alert(s) raised.
2025-08-12 06:05:34,344 [ZAP-Scanner-0] INFO  HostProcess - start host https://example.com | CrlfInjectionScanRule strength MEDIUM threshold MEDIUM
2025-08-12 06:05:34,359 [ZAP-Scanner-0] INFO  HostProcess - completed host/plugin https://example.com | CrlfInjectionScanRule in 0.015s with 0 message(s) sent and 0 alert(s) raised.
2025-08-12 06:05:34,360 [ZAP-Scanner-0] INFO  HostProcess - start host https://example.com | ParameterTamperScanRule strength MEDIUM threshold MEDIUM
2025-08-12 06:05:34,374 [ZAP-Scanner-0] INFO  HostProcess - completed host/plugin https://example.com | ParameterTamperScanRule in 0.014s with 0 message(s) sent and 0 alert(s) raised.
2025-08-12 06:05:34,374 [ZAP-Scanner-0] INFO  HostProcess - start host https://example.com | ElmahScanRule strength MEDIUM threshold MEDIUM
2025-08-12 06:05:34,377 [ZAP-Scanner-0] INFO  HostProcess - start host https://example.com | TraceAxdScanRule strength MEDIUM threshold MEDIUM
2025-08-12 06:05:34,805 [ZAP-ActiveScanner-0] INFO  HostProcess - completed host/plugin https://example.com | ElmahScanRule in 0.431s with 1 message(s) sent and 0 alert(s) raised.
2025-08-12 06:05:34,808 [ZAP-Scanner-0] INFO  HostProcess - completed host/plugin https://example.com | TraceAxdScanRule in 0.431s with 1 message(s) sent and 0 alert(s) raised.
2025-08-12 06:05:34,809 [ZAP-Scanner-0] INFO  HostProcess - start host https://example.com | HtAccessScanRule strength MEDIUM threshold MEDIUM
2025-08-12 06:05:35,270 [ZAP-Scanner-0] INFO  HostProcess - completed host/plugin https://example.com | HtAccessScanRule in 0.462s with 1 message(s) sent and 0 alert(s) raised.
2025-08-12 06:05:35,271 [ZAP-Scanner-0] INFO  HostProcess - start host https://example.com | EnvFileScanRule strength MEDIUM threshold MEDIUM
2025-08-12 06:05:35,516 [ZAP-Scanner-0] INFO  HostProcess - completed host/plugin https://example.com | EnvFileScanRule in 0.245s with 1 message(s) sent and 0 alert(s) raised.
2025-08-12 06:05:35,516 [ZAP-Scanner-0] INFO  HostProcess - start host https://example.com | HiddenFilesScanRule strength MEDIUM threshold MEDIUM
2025-08-12 06:05:35,552 [ZAP-Scanner-0] INFO  HostProcess - start host https://example.com | SpringActuatorScanRule strength MEDIUM threshold MEDIUM
2025-08-12 06:05:35,557 [ZAP-Scanner-0] INFO  HostProcess - start host https://example.com | XsltInjectionScanRule strength MEDIUM threshold MEDIUM
2025-08-12 06:05:36,241 [ZAP-ActiveScanner-1] INFO  HostProcess - completed host/plugin https://example.com | SpringActuatorScanRule in 0.689s with 2 message(s) sent and 0 alert(s) raised.
2025-08-12 06:05:59,007 [ZAP-ActiveScanner-0] INFO  HostProcess - completed host/plugin https://example.com | HiddenFilesScanRule in 23.49s with 50 message(s) sent and 0 alert(s) raised.
2025-08-12 06:05:59,008 [ZAP-Scanner-0] INFO  HostProcess - completed host/plugin https://example.com | XsltInjectionScanRule in 23.451s with 0 message(s) sent and 0 alert(s) raised.
2025-08-12 06:05:59,008 [ZAP-Scanner-0] INFO  HostProcess - start host https://example.com | GetForPostScanRule strength MEDIUM threshold MEDIUM
2025-08-12 06:05:59,016 [ZAP-Scanner-0] INFO  HostProcess - completed host/plugin https://example.com | GetForPostScanRule in 0.007s with 0 message(s) sent and 0 alert(s) raised.
2025-08-12 06:05:59,016 [ZAP-Scanner-0] INFO  HostProcess - start host https://example.com | UserAgentScanRule strength MEDIUM threshold MEDIUM
2025-08-12 06:06:01,959 [ZAP-Scanner-0] INFO  HostProcess - completed host/plugin https://example.com | UserAgentScanRule in 2.943s with 36 message(s) sent and 0 alert(s) raised.
2025-08-12 06:06:01,960 [ZAP-Scanner-0] INFO  HostProcess - start host https://example.com | ScriptsActiveScanner strength MEDIUM threshold MEDIUM
2025-08-12 06:06:01,961 [ZAP-Scanner-0] INFO  HostProcess - skipped plugin [no scripts enabled] https://example.com | ScriptsActiveScanner in 0.002s with 0 message(s) sent and 0 alert(s) raised.
2025-08-12 06:06:01,961 [ZAP-Scanner-0] INFO  HostProcess - start host https://example.com | SOAPActionSpoofingActiveScanRule strength MEDIUM threshold MEDIUM
2025-08-12 06:06:01,965 [ZAP-Scanner-0] INFO  HostProcess - completed host/plugin https://example.com | SOAPActionSpoofingActiveScanRule in 0.004s with 0 message(s) sent and 0 alert(s) raised.
2025-08-12 06:06:01,965 [ZAP-Scanner-0] INFO  HostProcess - start host https://example.com | SOAPXMLInjectionActiveScanRule strength MEDIUM threshold MEDIUM
2025-08-12 06:06:01,969 [ZAP-Scanner-0] INFO  HostProcess - completed host/plugin https://example.com | SOAPXMLInjectionActiveScanRule in 0.004s with 0 message(s) sent and 0 alert(s) raised.
2025-08-12 06:06:01,969 [ZAP-Scanner-0] INFO  HostProcess - completed host https://example.com in 124.046s with 0 alert(s) raised.
2025-08-12 06:06:01,970 [Thread-5] INFO  Scanner - scanner with ID 0 completed in 124.06s
2025-08-12 06:06:09,458 [main ] INFO  CommandLineBootstrap - ZAP 2.16.1 terminated.
2025-08-19 04:21:07,961 [main ] INFO  CommandLineBootstrap - ZAP 2.16.1 started 19/08/2025, 04:21:07 with home: /home/zap/.ZAP/ cores: 32 maxMemory: 23 GB
2025-08-19 04:21:10,932 [main ] INFO  ExtensionFactory - Installed add-ons: [[id=alertFilters, version=24.0.0], [id=ascanrules, version=72.0.0], [id=authhelper, version=0.27.0], [id=automation, version=0.51.0], [id=bruteforce, version=17.0.0], [id=callhome, version=0.14.0], [id=client, version=0.16.0], [id=commonlib, version=1.34.0], [id=database, version=0.8.0], [id=diff, version=17.0.0], [id=directorylistv1, version=9.0.0], [id=domxss, version=22.0.0], [id=encoder, version=1.7.0], [id=exim, version=0.14.0], [id=formhandler, version=6.7.0], [id=fuzz, version=13.16.0], [id=gettingStarted, version=19.0.0], [id=graaljs, version=0.9.0], [id=graphql, version=0.28.0], [id=help, version=20.0.0], [id=hud, version=0.19.0], [id=invoke, version=16.0.0], [id=network, version=0.22.0], [id=oast, version=0.22.0], [id=onlineMenu, version=14.0.0], [id=openapi, version=45.0.0], [id=postman, version=0.6.0], [id=pscan, version=0.3.0], [id=pscanrules, version=66.0.0], [id=quickstart, version=52.0.0], [id=replacer, version=20.0.0], [id=reports, version=0.39.0], [id=requester, version=7.8.0], [id=retest, version=0.11.0], [id=retire, version=0.48.0], [id=reveal, version=10.0.0], [id=scanpolicies, version=0.3.0], [id=scripts, version=45.12.0], [id=selenium, version=15.39.0], [id=sequence, version=8.0.0], [id=soap, version=25.0.0], [id=spider, version=0.15.0], [id=spiderAjax, version=23.25.0], [id=tips, version=14.0.0], [id=webdriverlinux, version=150.0.0], [id=websocket, version=33.0.0], [id=zest, version=48.8.0]]
2025-08-19 04:21:10,933 [main ] INFO  ExtensionFactory - Loading extensions
2025-08-19 04:21:12,085 [main ] INFO  TlsUtils - Using supported SSL/TLS protocols: [TLSv1.2, TLSv1.3]
2025-08-19 04:21:12,842 [main ] INFO  ExtensionFactory - Extensions loaded
2025-08-19 04:21:15,772 [main ] INFO  ExtensionLoader - Initializing Auto-update Extension - Allows ZAP to check for updates
2025-08-19 04:21:15,777 [main ] INFO  ExtensionLoader - Initializing Options Extension - Options Extension
2025-08-19 04:21:15,777 [main ] INFO  ExtensionLoader - Initializing Edit Menu Extension - Edit Menu Extension
2025-08-19 04:21:15,778 [main ] INFO  ExtensionLoader - Initializing API Extension - Provides a rest based API for controlling and accessing ZAP
2025-08-19 04:21:15,785 [main ] INFO  ExtensionLoader - Initializing History Extension - History Extension
2025-08-19 04:21:15,786 [main ] INFO  ExtensionLoader - Initializing ExtensionReveal - Show hidden fields and enable disabled fields
2025-08-19 04:21:15,787 [main ] INFO  ExtensionLoader - Initializing Search Extension - Search messages for strings and regular expressions
2025-08-19 04:21:15,789 [main ] INFO  ExtensionLoader - Initializing Breakpoint Extension - Allows you to intercept and modify requests and responses
2025-08-19 04:21:15,791 [main ] INFO  ExtensionLoader - Initializing Passive Scan Extension - Passive scanner
2025-08-19 04:21:15,792 [main ] INFO  ExtensionLoader - Initializing Alerts Extension - Allows you to view and manage alerts
2025-08-19 04:21:15,794 [main ] INFO  ExtensionLoader - Initializing Active Scan Extension - Active scanner, heavily based on the original Paros active scanner, but with additional tests added
2025-08-19 04:21:15,804 [main ] INFO  ExtensionLoader - Initializing ExtensionSequence - ExtensionSequence
2025-08-19 04:21:15,804 [main ] INFO  ExtensionLoader - Initializing Standard Menus Extension - A set of common popup menus for miscellaneous tasks
2025-08-19 04:21:15,804 [main ] INFO  ExtensionLoader - Initializing ExtensionBruteForce - Forced browsing of files and directories using code from the OWASP DirBuster tool
2025-08-19 04:21:15,807 [main ] INFO  ExtensionLoader - Initializing Compare Extension - Compares 2 sessions and generates an HTML file showing the differences
2025-08-19 04:21:15,807 [main ] INFO  ExtensionLoader - Initializing ExtensionInvoke - Invoke external applications passing context related information such as URLs and parameters
2025-08-19 04:21:15,807 [main ] INFO  ExtensionLoader - Initializing Anti-CSRF Extension - Handles anti cross site request forgery (CSRF) tokens
2025-08-19 04:21:15,813 [main ] INFO  ExtensionLoader - Initializing Authentication Extension - Authentication Extension
2025-08-19 04:21:15,822 [main ] INFO  ExtensionAuthentication - Loaded authentication method types: [Form-based Authentication, HTTP/NTLM Authentication, Manual Authentication, Script-based Authentication, JSON-based Authentication]
2025-08-19 04:21:15,826 [main ] INFO  ExtensionLoader - Initializing Users Extension - Users Extension
2025-08-19 04:21:15,827 [main ] INFO  ExtensionLoader - Initializing Parameters Extension - Summarise and analyse FORM and URL parameters as well as cookies
2025-08-19 04:21:15,827 [main ] INFO  ExtensionLoader - Initializing Script Extension - Script integration
2025-08-19 04:21:15,835 [main ] INFO  ExtensionLoader - Initializing ExtensionScripts - Scripting console, supports all JSR 223 scripting languages
2025-08-19 04:21:15,854 [main ] INFO  ExtensionLoader - Initializing Forced User Extension - Forced User Extension
2025-08-19 04:21:15,855 [main ] INFO  ExtensionLoader - Initializing HTTP Sessions Extension - Extension handling HTTP sessions
2025-08-19 04:21:15,857 [main ] INFO  ExtensionLoader - Initializing ExtensionZest - Zest is a specialized scripting language, originally, from Mozilla specifically designed to be used in security tools
2025-08-19 04:21:16,009 [main ] INFO  ExtensionLoader - Initializing ExtensionDiff - ExtensionDiff
2025-08-19 04:21:16,010 [main ] INFO  ExtensionLoader - Initializing HTTP Panel Post Table View Extension - HTTP Panel Post Table View Extension
2025-08-19 04:21:16,010 [main ] INFO  ExtensionLoader - Initializing Encoder Addon - Adds support for scriptable encoders to ZAP.
2025-08-19 04:21:16,010 [main ] INFO  ExtensionLoader - Initializing Session Management Extension - Session Management Extension
2025-08-19 04:21:16,014 [main ] INFO  ExtensionSessionManagement - Loaded session management method types: [Cookie-based Session Management, HTTP Authentication Session Management, Script-based Session Management]
2025-08-19 04:21:16,015 [main ] INFO  ExtensionLoader - Initializing HTTP Panel Form Table View Extension - HTTP Panel Form Table View Extension
2025-08-19 04:21:16,015 [main ] INFO  ExtensionLoader - Initializing WebSockets Support - Capture messages from WebSockets with the ability to set breakpoints.
2025-08-19 04:21:16,044 [main ] INFO  ExtensionLoader - Initializing SOAP/WSDL Support - Allows you to import a WSDL file containing operations which ZAP will access, adding them to the Sites tree.
2025-08-19 04:21:16,047 [main ] INFO  ExtensionLoader - Initializing Core UI Extension - Core UI related functionality.
2025-08-19 04:21:16,047 [main ] INFO  ExtensionLoader - Initializing Authorization Extension - Authorization Extension
2025-08-19 04:21:16,048 [main ] INFO  ExtensionLoader - Initializing Requester - Allows to manually edit and send messages.
2025-08-19 04:21:16,052 [main ] INFO  ExtensionLoader - Initializing AJAX Spider - AJAX Spider, uses Crawljax
2025-08-19 04:21:16,057 [main ] INFO  ExtensionLoader - Initializing WebDriver Provider - Provides WebDrivers to control several browsers using Selenium and includes HtmlUnit browser.
2025-08-19 04:21:16,114 [main ] INFO  ExtensionLoader - Initializing Refresh Sites Tree Extension - Adds menu item to refresh the Sites tree
2025-08-19 04:21:16,114 [main ] INFO  ExtensionLoader - Initializing Help Extension - ZAP User Guide
2025-08-19 04:21:16,115 [main ] INFO  ExtensionLoader - Initializing Call Home - Handles all of the calls to ZAP services
2025-08-19 04:21:16,116 [main ] INFO  ExtensionLoader - Initializing Network Extension - Provides core networking capabilities.
2025-08-19 04:21:16,734 [main ] INFO  ConnectionOptions - Unsafe SSL/TLS renegotiation disabled.
2025-08-19 04:21:16,736 [main ] INFO  ExtensionLoader - Initializing Extension Configuration Extension - Allows you to configure which extensions are loaded when ZAP starts
2025-08-19 04:21:16,736 [main ] INFO  ExtensionLoader - Initializing Combined HTTP Panels Extension - Combined HTTP Panels Extension
2025-08-19 04:21:16,737 [main ] INFO  ExtensionLoader - Initializing HTTP Panel Hex View Extension - HTTP Panel Hex View Extension
2025-08-19 04:21:16,737 [main ] INFO  ExtensionLoader - Initializing HTTP Panel Image View Extension - HTTP Panel Image View Extension
2025-08-19 04:21:16,738 [main ] INFO  ExtensionLoader - Initializing HTTP Panel Query Table View Extension - HTTP Panel Query Table View Extension
2025-08-19 04:21:16,738 [main ] INFO  ExtensionLoader - Initializing HTTP Panel Syntax Highlighter View Extension - HTTP Panel Syntax Highlighter View Extension
2025-08-19 04:21:16,739 [main ] INFO  ExtensionLoader - Initializing Keyboard Configuration Extension - Adds support for configurable keyboard shortcuts for all of the ZAP menus.
2025-08-19 04:21:16,739 [main ] INFO  ExtensionLoader - Initializing Scanner Rule Configuration Extension - Active and passive rule configuration
2025-08-19 04:21:16,741 [main ] INFO  ExtensionLoader - Initializing Statistics Extension - Statistics
2025-08-19 04:21:16,742 [main ] INFO  ExtensionStats - Start recording in memory stats
2025-08-19 04:21:16,743 [main ] INFO  ExtensionLoader - Initializing Custom Pages Extension - Custom Pages Definition
2025-08-19 04:21:16,743 [main ] INFO  ExtensionLoader - Initializing Database Extension - Provides databases and persistence capabilities.
2025-08-19 04:21:16,746 [main ] INFO  ExtensionLoader - Initializing ExtensionAlertFilters - Context alert rules filter
2025-08-19 04:21:16,749 [main ] INFO  ExtensionLoader - Initializing Alert Filters Automation - Alert Filters Automation Framework Integration
2025-08-19 04:21:16,752 [main ] INFO  ExtensionLoader - Initializing Active Scan Rules - Release status active scan rules
2025-08-19 04:21:16,753 [main ] INFO  ExtensionLoader - Initializing Authentication Helper - Authentication Helper
2025-08-19 04:21:16,774 [main ] INFO  ExtensionLoader - Initializing Client Spider Browser Based Authentication Support - Enables browser based authentication when performing an authenticated Client Spider scan.
2025-08-19 04:21:16,775 [main ] INFO  ExtensionLoader - Initializing Authentication Helper Reports - Authentication Helper Reports
2025-08-19 04:21:16,776 [main ] INFO  ExtensionLoader - Initializing AJAX Spider Browser Based Authentication Support - Enables browser based authentication when performing an authenticated AJAX Spider scan.
2025-08-19 04:21:16,777 [main ] INFO  ExtensionLoader - Initializing Automation Framework - Provides functionality to simplify using ZAP in an automated manner
2025-08-19 04:21:16,779 [main ] INFO  ExtensionLoader - Initializing ExtensionClientIntegration - Client Side Integration
2025-08-19 04:21:16,785 [main ] INFO  ExtensionLoader - Initializing Client Spider Automation - Client Spider Automation Framework Integration
2025-08-19 04:21:16,787 [main ] INFO  ExtensionLoader - Initializing Client Zest Script Recording Support - Allows recording client events as Zest scripts.
2025-08-19 04:21:16,797 [main ] INFO  ExtensionLoader - Initializing Common Library - A library of shared functionality
2025-08-19 04:21:16,802 [main ] INFO  ExtensionLoader - Initializing ExtensionHUD - Heads Up Display
2025-08-19 04:21:17,293 [main ] INFO  ExtensionLoader - Initializing ExtensionHUDlaunch - ExtensionHUDlaunch
2025-08-19 04:21:17,294 [main ] INFO  ExtensionLoader - Initializing ExtensionDomXSS - DOM XSS Active Scan Rule
2025-08-19 04:21:17,384 [main ] INFO  ExtensionLoader - Initializing Import/Export - Import and Export functionality supporting multiple formats.
2025-08-19 04:21:17,386 [main ] INFO  ExtensionLoader - Initializing Import/Export Automation - Import/Export Automation Framework Integration
2025-08-19 04:21:17,389 [main ] INFO  ExtensionLoader - Initializing ExtensionFormHandler - This extension allows a user to change the default values used for generated content (e.g. spiders, importers).
2025-08-19 04:21:17,392 [main ] INFO  ExtensionLoader - Initializing Advance Fuzzer - Provides the foundation for concrete message types (for example, HTTP, WebSockets) expose fuzzer implementations.
2025-08-19 04:21:17,394 [main ] INFO  ExtensionLoader - Initializing HTTP Fuzzer - Allows to fuzz HTTP messages.
2025-08-19 04:21:17,394 [main ] INFO  ExtensionLoader - Initializing ExtensionGettingStarted - The ZAP Getting Started Guide
2025-08-19 04:21:17,395 [main ] INFO  ExtensionLoader - Initializing GraalVM JavaScript Engine Extension - Provides the GraalVM JavaScript engine for ZAP scripting.
2025-08-19 04:21:17,966 [main ] INFO  ExtensionLoader - Initializing Report Generator - Templated and themed report generation functionality
2025-08-19 04:21:17,968 [main ] INFO  ExtensionLoader - Initializing Report Generation Automation Integration - Report Generation Automation Integration
2025-08-19 04:21:17,972 [main ] INFO  ExtensionLoader - Initializing ExtensionGraphQl - Allows you to inspect and attack GraphQL endpoints.
2025-08-19 04:21:17,977 [main ] INFO  ExtensionLoader - Initializing GraphQL Automation - GraphQL Automation Framework Integration
2025-08-19 04:21:17,979 [main ] INFO  ExtensionLoader - Initializing GraphQL Spider - GraphQL Spider Integration
2025-08-19 04:21:17,980 [main ] INFO  ExtensionLoader - Initializing Out-of-band Application Security Testing - Adds Out-of-band Application Security Testing functionality.
2025-08-19 04:21:17,985 [main ] INFO  ExtensionLoader - Initializing OAST Scripts - Adds OAST scripts.
2025-08-19 04:21:17,985 [main ] INFO  ExtensionLoader - Initializing ExtensionOnlineMenu - The Online menu links
2025-08-19 04:21:17,986 [main ] INFO  ExtensionLoader - Initializing OpenAPI Import - Allows you to spider and import OpenAPI (Swagger) definitions 
2025-08-19 04:21:17,989 [main ] INFO  ExtensionLoader - Initializing OpenAPI Automation - OpenAPI Automation Framework Integration
2025-08-19 04:21:17,991 [main ] INFO  ExtensionLoader - Initializing OpenAPI Spider - OpenAPI Spider Integration
2025-08-19 04:21:17,995 [main ] INFO  ExtensionLoader - Initializing Postman Import - Allows you to spider and import Postman collections
2025-08-19 04:21:17,997 [main ] INFO  ExtensionLoader - Initializing Postman Automation - Postman Automation Framework Integration
2025-08-19 04:21:17,999 [main ] INFO  ExtensionLoader - Initializing Passive Scanner Extension - Provides core passive scanning capabilities.
2025-08-19 04:21:18,033 [main ] INFO  ExtensionLoader - Initializing Passive Scanner Automation Framework Extension - Provides jobs and result data related to the passive scanner.
2025-08-19 04:21:18,034 [main ] INFO  ExtensionLoader - Initializing Passive Scan Rules - Release status passive scan rules.
2025-08-19 04:21:18,035 [main ] INFO  ExtensionLoader - Initializing Quick Start panel  - Adds the Quick Start panel for scanning and exploring applications
2025-08-19 04:21:18,036 [main ] INFO  ExtensionLoader - Initializing Quick Start Ajax Spider integration - Add the option to use the Ajax Spider in the Quick Start scan
2025-08-19 04:21:18,037 [main ] INFO  ExtensionLoader - Initializing Quick Start HUD Integration - HUD integration for the quick start panel
2025-08-19 04:21:18,037 [main ] INFO  ExtensionLoader - Initializing Quick Start Browser Launcher - Launch browsers preset proxying through ZAP
2025-08-19 04:21:18,038 [main ] INFO  ExtensionLoader - Initializing Quick Start Spider Integration - Adds the option to use the traditional Spider in the Quick Start scan.
2025-08-19 04:21:18,042 [main ] INFO  ExtensionLoader - Initializing Match and Replace - Easy way to replace strings in requests and responses
2025-08-19 04:21:18,046 [main ] INFO  ExtensionLoader - Initializing Replacer Automation - Replacer Automation Framework Integration
2025-08-19 04:21:18,048 [main ] INFO  ExtensionLoader - Initializing Retest - Facilitates the verification of presence/absence of certain alerts.
2025-08-19 04:21:18,049 [main ] INFO  ExtensionLoader - Initializing Scripts Automation Framework Integration - Scripts Automation
2025-08-19 04:21:18,061 [main ] INFO  ExtensionLoader - Initializing Sequence Automation - Sequence Automation Framework Integration
2025-08-19 04:21:18,067 [main ] INFO  ExtensionLoader - Initializing SOAP Automation - SOAP Automation Framework Integration
2025-08-19 04:21:18,068 [main ] INFO  ExtensionLoader - Initializing SOAP Spider - SOAP Spider Integration
2025-08-19 04:21:18,069 [main ] INFO  ExtensionLoader - Initializing Spider Extension - Spider used for automatically finding URIs on a site.
2025-08-19 04:21:18,157 [main ] INFO  ExtensionLoader - Initializing Spider Automation - Spider Automation Integration
2025-08-19 04:21:18,163 [main ] INFO  ExtensionLoader - Initializing Ajax Spider Automation - Ajax Spider Automation Framework Integration
2025-08-19 04:21:18,169 [main ] INFO  ExtensionLoader - Initializing ExtensionTipsAndTricks - Tips and Tricks
2025-08-19 04:21:18,170 [main ] INFO  ExtensionLoader - Initializing WebSocket Fuzzer - Allows to fuzz WebSocket messages.
2025-08-19 04:21:18,170 [main ] INFO  ExtensionLoader - Initializing WebSocket Message Editor - Provides the WebSocket Message Editor dialogues.
2025-08-19 04:21:18,222 [main ] ERROR ExtensionClientIntegration - /home/zap/.mozilla/firefox/1337hack.zap-client-profile/extension-preferences.json
java.nio.file.AccessDeniedException: /home/zap/.mozilla/firefox/1337hack.zap-client-profile/extension-preferences.json
	at java.base/sun.nio.fs.UnixException.translateToIOException(UnixException.java:90) ~[?:?]
	at java.base/sun.nio.fs.UnixException.rethrowAsIOException(UnixException.java:106) ~[?:?]
	at java.base/sun.nio.fs.UnixException.rethrowAsIOException(UnixException.java:111) ~[?:?]
	at java.base/sun.nio.fs.UnixFileSystemProvider.newByteChannel(UnixFileSystemProvider.java:218) ~[?:?]
	at java.base/java.nio.file.spi.FileSystemProvider.newOutputStream(FileSystemProvider.java:484) ~[?:?]
	at java.base/java.nio.file.Files.newOutputStream(Files.java:228) ~[?:?]
	at org.apache.commons.io.file.PathUtils.newOutputStream(PathUtils.java:1295) ~[commons-io-2.18.0.jar:2.18.0]
	at org.apache.commons.io.file.PathUtils.newOutputStream(PathUtils.java:1286) ~[commons-io-2.18.0.jar:2.18.0]
	at org.apache.commons.io.FileUtils.newOutputStream(FileUtils.java:2623) ~[commons-io-2.18.0.jar:2.18.0]
	at org.apache.commons.io.FileUtils.copyToFile(FileUtils.java:1093) ~[commons-io-2.18.0.jar:2.18.0]
	at org.apache.commons.io.FileUtils.copyInputStreamToFile(FileUtils.java:1002) ~[commons-io-2.18.0.jar:2.18.0]
	at org.zaproxy.addon.client.ExtensionClientIntegration.postInit(ExtensionClientIntegration.java:349) [client-alpha-0.16.0.zap:?]
	at org.parosproxy.paros.extension.ExtensionLoader.hookAllExtension(ExtensionLoader.java:1001) [zap-2.16.1.jar:2.16.1]
	at org.parosproxy.paros.extension.ExtensionLoader.startLifeCycle(ExtensionLoader.java:836) [zap-2.16.1.jar:2.16.1]
	at org.parosproxy.paros.control.AbstractControl.loadExtension(AbstractControl.java:58) [zap-2.16.1.jar:2.16.1]
	at org.parosproxy.paros.control.Control.init(Control.java:156) [zap-2.16.1.jar:2.16.1]
	at org.parosproxy.paros.control.Control.initSingletonWithoutView(Control.java:389) [zap-2.16.1.jar:2.16.1]
	at org.zaproxy.zap.HeadlessBootstrap.initControl(HeadlessBootstrap.java:59) [zap-2.16.1.jar:2.16.1]
	at org.zaproxy.zap.CommandLineBootstrap.start(CommandLineBootstrap.java:72) [zap-2.16.1.jar:2.16.1]
	at org.zaproxy.zap.ZAP.main(ZAP.java:99) [zap-2.16.1.jar:2.16.1]
2025-08-19 04:21:18,596 [main ] INFO  CallbackService - Started callback service on 0.0.0.0:37401
2025-08-19 04:21:18,608 [main ] INFO  ScanRuleManager - Loaded passive scan rule: Authentication Request Identified
2025-08-19 04:21:18,608 [main ] INFO  ScanRuleManager - Loaded passive scan rule: Session Management Response Identified
2025-08-19 04:21:18,608 [main ] INFO  ScanRuleManager - Loaded passive scan rule: Verification Request Identified
2025-08-19 04:21:18,670 [main ] INFO  ScanRuleManager - Loaded passive scan rule: Anti-clickjacking Header
2025-08-19 04:21:18,670 [main ] INFO  ScanRuleManager - Loaded passive scan rule: Application Error Disclosure
2025-08-19 04:21:18,670 [main ] INFO  ScanRuleManager - Loaded passive scan rule: Big Redirect Detected (Potential Sensitive Information Leak)
2025-08-19 04:21:18,670 [main ] INFO  ScanRuleManager - Loaded passive scan rule: Re-examine Cache-control Directives
2025-08-19 04:21:18,677 [main ] INFO  ScanRuleManager - Loaded passive scan rule: Charset Mismatch
2025-08-19 04:21:18,680 [main ] INFO  ScanRuleManager - Loaded passive scan rule: Content Security Policy (CSP) Header Not Set
2025-08-19 04:21:18,683 [main ] INFO  ScanRuleManager - Loaded passive scan rule: CSP
2025-08-19 04:21:18,683 [main ] INFO  ScanRuleManager - Loaded passive scan rule: Content-Type Header Missing
2025-08-19 04:21:18,683 [main ] INFO  ScanRuleManager - Loaded passive scan rule: Cookie No HttpOnly Flag
2025-08-19 04:21:18,684 [main ] INFO  ScanRuleManager - Loaded passive scan rule: Loosely Scoped Cookie
2025-08-19 04:21:18,684 [main ] INFO  ScanRuleManager - Loaded passive scan rule: Cookie without SameSite Attribute
2025-08-19 04:21:18,684 [main ] INFO  ScanRuleManager - Loaded passive scan rule: Cookie Without Secure Flag
2025-08-19 04:21:18,684 [main ] INFO  ScanRuleManager - Loaded passive scan rule: Cross-Domain Misconfiguration
2025-08-19 04:21:18,684 [main ] INFO  ScanRuleManager - Loaded passive scan rule: Cross-Domain JavaScript Source File Inclusion
2025-08-19 04:21:18,684 [main ] INFO  ScanRuleManager - Loaded passive scan rule: Absence of Anti-CSRF Tokens
2025-08-19 04:21:18,684 [main ] INFO  ScanRuleManager - Loaded passive scan rule: Directory Browsing
2025-08-19 04:21:18,685 [main ] INFO  ScanRuleManager - Loaded passive scan rule: Hash Disclosure
2025-08-19 04:21:18,685 [main ] INFO  ScanRuleManager - Loaded passive scan rule: Heartbleed OpenSSL Vulnerability (Indicative)
2025-08-19 04:21:18,685 [main ] INFO  ScanRuleManager - Loaded passive scan rule: Private IP Disclosure
2025-08-19 04:21:18,685 [main ] INFO  ScanRuleManager - Loaded passive scan rule: Session ID in URL Rewrite
2025-08-19 04:21:18,685 [main ] INFO  ScanRuleManager - Loaded passive scan rule: Information Disclosure - Debug Error Messages
2025-08-19 04:21:18,685 [main ] INFO  ScanRuleManager - Loaded passive scan rule: Information Disclosure - Sensitive Information in URL
2025-08-19 04:21:18,685 [main ] INFO  ScanRuleManager - Loaded passive scan rule: Information Disclosure - Sensitive Information in HTTP Referrer Header
2025-08-19 04:21:18,685 [main ] INFO  ScanRuleManager - Loaded passive scan rule: Information Disclosure - Suspicious Comments
2025-08-19 04:21:18,685 [main ] INFO  ScanRuleManager - Loaded passive scan rule: Weak Authentication Method
2025-08-19 04:21:18,686 [main ] INFO  ScanRuleManager - Loaded passive scan rule: HTTP to HTTPS Insecure Transition in Form Post
2025-08-19 04:21:18,686 [main ] INFO  ScanRuleManager - Loaded passive scan rule: HTTPS to HTTP Insecure Transition in Form Post
2025-08-19 04:21:18,686 [main ] INFO  ScanRuleManager - Loaded passive scan rule: Insecure JSF ViewState
2025-08-19 04:21:18,686 [main ] INFO  ScanRuleManager - Loaded passive scan rule: Reverse Tabnabbing
2025-08-19 04:21:18,686 [main ] INFO  ScanRuleManager - Loaded passive scan rule: Secure Pages Include Mixed Content
2025-08-19 04:21:18,687 [main ] INFO  ScanRuleManager - Loaded passive scan rule: Modern Web Application
2025-08-19 04:21:18,687 [main ] INFO  ScanRuleManager - Loaded passive scan rule: PII Disclosure
2025-08-19 04:21:18,687 [main ] INFO  ScanRuleManager - Loaded passive scan rule: Script Served From Malicious Domain (polyfill)
2025-08-19 04:21:18,687 [main ] INFO  ScanRuleManager - Loaded passive scan rule: Retrieved from Cache
2025-08-19 04:21:18,687 [main ] INFO  ScanRuleManager - Loaded passive scan rule: HTTP Server Response Header
2025-08-19 04:21:18,688 [main ] INFO  ScanRuleManager - Loaded passive scan rule: Strict-Transport-Security Header
2025-08-19 04:21:18,688 [main ] INFO  ScanRuleManager - Loaded passive scan rule: Timestamp Disclosure
2025-08-19 04:21:18,688 [main ] INFO  ScanRuleManager - Loaded passive scan rule: User Controllable Charset
2025-08-19 04:21:18,688 [main ] INFO  ScanRuleManager - Loaded passive scan rule: Cookie Poisoning
2025-08-19 04:21:18,688 [main ] INFO  ScanRuleManager - Loaded passive scan rule: User Controllable HTML Element Attribute (Potential XSS)
2025-08-19 04:21:18,688 [main ] INFO  ScanRuleManager - Loaded passive scan rule: User Controllable JavaScript Event (XSS)
2025-08-19 04:21:18,688 [main ] INFO  ScanRuleManager - Loaded passive scan rule: Off-site Redirect
2025-08-19 04:21:18,688 [main ] INFO  ScanRuleManager - Loaded passive scan rule: Username Hash Found
2025-08-19 04:21:18,688 [main ] INFO  ScanRuleManager - Loaded passive scan rule: Viewstate
2025-08-19 04:21:18,689 [main ] INFO  ScanRuleManager - Loaded passive scan rule: X-AspNet-Version Response Header
2025-08-19 04:21:18,689 [main ] INFO  ScanRuleManager - Loaded passive scan rule: X-Backend-Server Header Information Leak
2025-08-19 04:21:18,689 [main ] INFO  ScanRuleManager - Loaded passive scan rule: X-ChromeLogger-Data (XCOLD) Header Information Leak
2025-08-19 04:21:18,689 [main ] INFO  ScanRuleManager - Loaded passive scan rule: X-Content-Type-Options Header Missing
2025-08-19 04:21:18,689 [main ] INFO  ScanRuleManager - Loaded passive scan rule: X-Debug-Token Information Leak
2025-08-19 04:21:18,689 [main ] INFO  ScanRuleManager - Loaded passive scan rule: Server Leaks Information via "X-Powered-By" HTTP Response Header Field(s)
2025-08-19 04:21:18,689 [main ] INFO  ScanRuleManager - Loaded passive scan rule: ZAP is Out of Date
2025-08-19 04:21:18,692 [main ] INFO  ScanRuleManager - Loaded passive scan rule: Vulnerable JS Library (Powered by Retire.js)
2025-08-19 04:21:18,694 [main ] INFO  ScanRuleManager - Loaded passive scan rule: Script Passive Scan Rules
2025-08-19 04:21:18,695 [main ] INFO  ScanRuleManager - Loaded passive scan rule: WSDL File Detection
2025-08-19 04:21:18,696 [main ] INFO  ScanRuleManager - Loaded passive scan rule: Stats Passive Scan Rule
2025-08-19 04:21:19,853 [ZAP-SpiderInitThread-0] INFO  SpiderThread - Starting spidering scan on https://example.com at 2025-08-19T04:21:19.853+0000
2025-08-19 04:21:19,858 [ZAP-SpiderInitThread-0] INFO  Spider - Spider initializing...
2025-08-19 04:21:19,876 [ZAP-SpiderInitThread-0] INFO  Spider - Starting spider...
2025-08-19 04:21:20,840 [ZAP-SpiderThreadPool-0-thread-2] INFO  Spider - Spidering process is complete. Shutting down...
2025-08-19 04:21:20,843 [ZAP-SpiderShutdownThread-0] INFO  SpiderThread - Spider scanning complete: true on https://example.com at 2025-08-19T04:21:20.843+0000
2025-08-19 04:21:23,393 [ZAP-QuickStart-AttackThread] INFO  Scanner - scanner with ID 0 started
2025-08-19 04:21:24,018 [ZAP-Scanner-0] INFO  HostProcess - Scanning 3 node(s) from https://example.com
2025-08-19 04:21:24,020 [ZAP-Scanner-0] INFO  HostProcess - start host https://example.com | PathTraversalScanRule strength MEDIUM threshold MEDIUM
2025-08-19 04:21:24,057 [ZAP-Scanner-0] INFO  HostProcess - completed host/plugin https://example.com | PathTraversalScanRule in 0.037s with 0 message(s) sent and 0 alert(s) raised.
2025-08-19 04:21:24,057 [ZAP-Scanner-0] INFO  HostProcess - start host https://example.com | RemoteFileIncludeScanRule strength MEDIUM threshold MEDIUM
2025-08-19 04:21:24,080 [ZAP-Scanner-0] INFO  HostProcess - completed host/plugin https://example.com | RemoteFileIncludeScanRule in 0.022s with 0 message(s) sent and 0 alert(s) raised.
2025-08-19 04:21:24,080 [ZAP-Scanner-0] INFO  HostProcess - start host https://example.com | SourceCodeDisclosureWebInfScanRule strength MEDIUM threshold MEDIUM
2025-08-19 04:21:24,090 [ZAP-Scanner-0] INFO  HostProcess - start host https://example.com | HeartBleedActiveScanRule strength MEDIUM threshold MEDIUM
2025-08-19 04:21:24,094 [ZAP-Scanner-0] INFO  HostProcess - start host https://example.com | SourceCodeDisclosureCve20121823ScanRule strength MEDIUM threshold MEDIUM
2025-08-19 04:21:27,683 [ZAP-ActiveScanner-0] INFO  HostProcess - completed host/plugin https://example.com | SourceCodeDisclosureWebInfScanRule in 3.603s with 5 message(s) sent and 0 alert(s) raised.
2025-08-19 04:21:28,039 [ZAP-ActiveScanner-1] INFO  HostProcess - completed host/plugin https://example.com | HeartBleedActiveScanRule in 3.948s with 6 message(s) sent and 0 alert(s) raised.
2025-08-19 04:21:28,041 [ZAP-Scanner-0] INFO  HostProcess - completed host/plugin https://example.com | SourceCodeDisclosureCve20121823ScanRule in 3.946s with 1 message(s) sent and 0 alert(s) raised.
2025-08-19 04:21:28,041 [ZAP-Scanner-0] INFO  HostProcess - start host https://example.com | RemoteCodeExecutionCve20121823ScanRule strength MEDIUM threshold MEDIUM
2025-08-19 04:21:29,268 [ZAP-Scanner-0] INFO  HostProcess - completed host/plugin https://example.com | RemoteCodeExecutionCve20121823ScanRule in 1.227s with 6 message(s) sent and 0 alert(s) raised.
2025-08-19 04:21:29,269 [ZAP-Scanner-0] INFO  HostProcess - start host https://example.com | ExternalRedirectScanRule strength MEDIUM threshold MEDIUM
2025-08-19 04:21:29,276 [ZAP-Scanner-0] INFO  HostProcess - completed host/plugin https://example.com | ExternalRedirectScanRule in 0.006s with 0 message(s) sent and 0 alert(s) raised.
2025-08-19 04:21:29,276 [ZAP-Scanner-0] INFO  HostProcess - start host https://example.com | ServerSideIncludeScanRule strength MEDIUM threshold MEDIUM
2025-08-19 04:21:29,284 [ZAP-Scanner-0] INFO  HostProcess - completed host/plugin https://example.com | ServerSideIncludeScanRule in 0.007s with 0 message(s) sent and 0 alert(s) raised.
2025-08-19 04:21:29,284 [ZAP-Scanner-0] INFO  HostProcess - start host https://example.com | CrossSiteScriptingScanRule strength MEDIUM threshold MEDIUM
2025-08-19 04:21:29,289 [ZAP-Scanner-0] INFO  HostProcess - completed host/plugin https://example.com | CrossSiteScriptingScanRule in 0.005s with 0 message(s) sent and 0 alert(s) raised.
2025-08-19 04:21:29,290 [ZAP-Scanner-0] INFO  HostProcess - start host https://example.com | PersistentXssPrimeScanRule strength MEDIUM threshold MEDIUM
2025-08-19 04:21:29,297 [ZAP-Scanner-0] INFO  HostProcess - completed host/plugin https://example.com | PersistentXssPrimeScanRule in 0.006s with 0 message(s) sent and 0 alert(s) raised.
2025-08-19 04:21:29,298 [ZAP-Scanner-0] INFO  HostProcess - start host https://example.com | PersistentXssSpiderScanRule strength MEDIUM threshold MEDIUM
2025-08-19 04:21:30,262 [ZAP-Scanner-0] INFO  HostProcess - completed host/plugin https://example.com | PersistentXssSpiderScanRule in 0.963s with 3 message(s) sent and 0 alert(s) raised.
2025-08-19 04:21:30,262 [ZAP-Scanner-0] INFO  HostProcess - start host https://example.com | PersistentXssScanRule strength MEDIUM threshold MEDIUM
2025-08-19 04:21:30,268 [ZAP-Scanner-0] INFO  HostProcess - completed host/plugin https://example.com | PersistentXssScanRule in 0.006s with 0 message(s) sent and 0 alert(s) raised.
2025-08-19 04:21:30,268 [ZAP-Scanner-0] INFO  HostProcess - start host https://example.com | SqlInjectionScanRule strength MEDIUM threshold MEDIUM
2025-08-19 04:21:30,275 [ZAP-Scanner-0] INFO  HostProcess - completed host/plugin https://example.com | SqlInjectionScanRule in 0.007s with 0 message(s) sent and 0 alert(s) raised.
2025-08-19 04:21:30,275 [ZAP-Scanner-0] INFO  HostProcess - start host https://example.com | SqlInjectionMySqlScanRule strength MEDIUM threshold MEDIUM
2025-08-19 04:21:30,287 [ZAP-Scanner-0] INFO  HostProcess - completed host/plugin https://example.com | SqlInjectionMySqlScanRule in 0.012s with 0 message(s) sent and 0 alert(s) raised.
2025-08-19 04:21:30,287 [ZAP-Scanner-0] INFO  HostProcess - start host https://example.com | SqlInjectionHypersonicScanRule strength MEDIUM threshold MEDIUM
2025-08-19 04:21:30,302 [ZAP-Scanner-0] INFO  HostProcess - completed host/plugin https://example.com | SqlInjectionHypersonicScanRule in 0.015s with 0 message(s) sent and 0 alert(s) raised.
2025-08-19 04:21:30,304 [ZAP-Scanner-0] INFO  HostProcess - start host https://example.com | SqlInjectionOracleScanRule strength MEDIUM threshold MEDIUM
2025-08-19 04:21:30,322 [ZAP-Scanner-0] INFO  HostProcess - completed host/plugin https://example.com | SqlInjectionOracleScanRule in 0.02s with 0 message(s) sent and 0 alert(s) raised.
2025-08-19 04:21:30,323 [ZAP-Scanner-0] INFO  HostProcess - start host https://example.com | SqlInjectionPostgreScanRule strength MEDIUM threshold MEDIUM
2025-08-19 04:21:30,343 [ZAP-Scanner-0] INFO  HostProcess - completed host/plugin https://example.com | SqlInjectionPostgreScanRule in 0.02s with 0 message(s) sent and 0 alert(s) raised.
2025-08-19 04:21:30,345 [ZAP-Scanner-0] INFO  HostProcess - start host https://example.com | SqlInjectionSqLiteScanRule strength MEDIUM threshold MEDIUM
2025-08-19 04:21:30,374 [ZAP-Scanner-0] INFO  HostProcess - completed host/plugin https://example.com | SqlInjectionSqLiteScanRule in 0.029s with 0 message(s) sent and 0 alert(s) raised.
2025-08-19 04:21:30,374 [ZAP-Scanner-0] INFO  HostProcess - start host https://example.com | DomXssScanRule strength MEDIUM threshold MEDIUM
2025-08-19 04:21:30,621 [ZAP-ActiveScanner-1] WARN  DomXssScanRule - Skipping scanner, failed to start browser: Could not start a new session. Possible causes are invalid address of the remote server or browser start-up failure. 
Host info: host: '9f9639b47faa', ip: '192.168.96.2'
2025-08-19 04:21:30,624 [ZAP-ActiveScanner-0] WARN  DomXssScanRule - Skipping scanner, failed to start browser: Could not start a new session. Possible causes are invalid address of the remote server or browser start-up failure. 
Host info: host: '9f9639b47faa', ip: '192.168.96.2'
2025-08-19 04:21:30,623 [ZAP-ActiveScanner-2] WARN  DomXssScanRule - Skipping scanner, failed to start browser: Could not start a new session. Possible causes are invalid address of the remote server or browser start-up failure. 
Host info: host: '9f9639b47faa', ip: '192.168.96.2'
2025-08-19 04:21:30,626 [ZAP-Scanner-0] INFO  HostProcess - skipped plugin [failed to start or connect to the browser] https://example.com | DomXssScanRule in 0.252s with 0 message(s) sent and 0 alert(s) raised.
2025-08-19 04:21:30,627 [ZAP-Scanner-0] INFO  HostProcess - start host https://example.com | SqlInjectionMsSqlScanRule strength MEDIUM threshold MEDIUM
2025-08-19 04:21:30,641 [ZAP-Scanner-0] INFO  HostProcess - completed host/plugin https://example.com | SqlInjectionMsSqlScanRule in 0.014s with 0 message(s) sent and 0 alert(s) raised.
2025-08-19 04:21:30,642 [ZAP-Scanner-0] INFO  HostProcess - start host https://example.com | Log4ShellScanRule strength MEDIUM threshold MEDIUM
2025-08-19 04:21:30,645 [ZAP-Scanner-0] INFO  HostProcess - skipped plugin [no Active Scan OAST service is selected] https://example.com | Log4ShellScanRule in 0.003s with 0 message(s) sent and 0 alert(s) raised.
2025-08-19 04:21:30,646 [ZAP-Scanner-0] INFO  HostProcess - start host https://example.com | Spring4ShellScanRule strength MEDIUM threshold MEDIUM
2025-08-19 04:22:10,696 [ZAP-ActiveScanner-1] WARN  Spring4ShellScanRule - Read timed out
org.zaproxy.addon.network.common.ZapSocketTimeoutException: Read timed out
	at java.base/sun.nio.ch.NioSocketImpl.timedRead(NioSocketImpl.java:288) ~[?:?]
	at java.base/sun.nio.ch.NioSocketImpl.implRead(NioSocketImpl.java:314) ~[?:?]
	at java.base/sun.nio.ch.NioSocketImpl.read(NioSocketImpl.java:355) ~[?:?]
	at java.base/sun.nio.ch.NioSocketImpl$1.read(NioSocketImpl.java:808) ~[?:?]
	at java.base/java.net.Socket$SocketInputStream.read(Socket.java:966) ~[?:?]
	at java.base/sun.security.ssl.SSLSocketInputRecord.read(SSLSocketInputRecord.java:484) ~[?:?]
	at java.base/sun.security.ssl.SSLSocketInputRecord.readHeader(SSLSocketInputRecord.java:478) ~[?:?]
	at java.base/sun.security.ssl.SSLSocketInputRecord.bytesInCompletePacket(SSLSocketInputRecord.java:70) ~[?:?]
	at java.base/sun.security.ssl.SSLSocketImpl.readApplicationRecord(SSLSocketImpl.java:1465) ~[?:?]
	at java.base/sun.security.ssl.SSLSocketImpl$AppInputStream.read(SSLSocketImpl.java:1069) ~[?:?]
	at org.apache.hc.core5.http.impl.io.SessionInputBufferImpl.fillBuffer(SessionInputBufferImpl.java:149) ~[?:?]
	at org.apache.hc.core5.http.impl.io.SessionInputBufferImpl.readLine(SessionInputBufferImpl.java:280) ~[?:?]
	at org.apache.hc.core5.http.impl.io.AbstractMessageParser.parse(AbstractMessageParser.java:247) ~[?:?]
	at org.apache.hc.core5.http.impl.io.AbstractMessageParser.parse(AbstractMessageParser.java:54) ~[?:?]
	at org.apache.hc.core5.http.impl.io.DefaultBHttpClientConnection.receiveResponseHeader(DefaultBHttpClientConnection.java:299) ~[?:?]
	at org.zaproxy.addon.network.internal.client.apachev5.ZapHttpRequestExecutor.execute(ZapHttpRequestExecutor.java:78) ~[?:?]
	at org.apache.hc.core5.http.impl.io.HttpRequestExecutor.execute(HttpRequestExecutor.java:218) ~[?:?]
	at org.apache.hc.client5.http.impl.io.PoolingHttpClientConnectionManager$InternalConnectionEndpoint.execute(PoolingHttpClientConnectionManager.java:712) ~[?:?]
	at org.apache.hc.client5.http.impl.classic.InternalExecRuntime.execute(InternalExecRuntime.java:216) ~[?:?]
	at org.apache.hc.client5.http.impl.classic.MainClientExec.execute(MainClientExec.java:116) ~[?:?]
	at org.apache.hc.client5.http.impl.classic.ExecChainElement.execute(ExecChainElement.java:51) ~[?:?]
	at org.apache.hc.client5.http.impl.classic.ConnectExec.execute(ConnectExec.java:188) ~[?:?]
	at org.apache.hc.client5.http.impl.classic.ExecChainElement.execute(ExecChainElement.java:51) ~[?:?]
	at org.apache.hc.client5.http.impl.classic.ZapProtocolExec.execute(ZapProtocolExec.java:179) ~[?:?]
	at org.apache.hc.client5.http.impl.classic.ExecChainElement.execute(ExecChainElement.java:51) ~[?:?]
	at org.apache.hc.client5.http.impl.classic.ZapHttpRequestRetryExec.execute(ZapHttpRequestRetryExec.java:81) ~[?:?]
	at org.apache.hc.client5.http.impl.classic.ExecChainElement.execute(ExecChainElement.java:51) ~[?:?]
	at org.apache.hc.client5.http.impl.classic.ZapInternalHttpClient.doExecute(ZapInternalHttpClient.java:173) ~[?:?]
	at org.apache.hc.client5.http.impl.classic.CloseableHttpClient.execute(CloseableHttpClient.java:245) ~[?:?]
	at org.apache.hc.client5.http.impl.classic.CloseableHttpClient.execute(CloseableHttpClient.java:188) ~[?:?]
	at org.zaproxy.addon.network.internal.client.apachev5.HttpSenderApache.sendImpl0(HttpSenderApache.java:486) ~[?:?]
	at org.zaproxy.addon.network.internal.client.apachev5.HttpSenderApache.sendImpl(HttpSenderApache.java:365) ~[?:?]
	at org.zaproxy.addon.network.internal.client.apachev5.HttpSenderApache.sendImpl(HttpSenderApache.java:116) ~[?:?]
	at org.zaproxy.addon.network.internal.client.BaseHttpSender.sendRateLimited(BaseHttpSender.java:415) ~[?:?]
	at org.zaproxy.addon.network.internal.client.BaseHttpSender.sendAuthenticated(BaseHttpSender.java:383) ~[?:?]
	at org.zaproxy.addon.network.internal.client.BaseHttpSender.sendNoRedirections(BaseHttpSender.java:351) ~[?:?]
	at org.zaproxy.addon.network.internal.client.BaseHttpSender.send(BaseHttpSender.java:307) ~[?:?]
	at org.zaproxy.addon.network.internal.client.BaseHttpSender.sendAndReceive(BaseHttpSender.java:278) ~[?:?]
	at org.zaproxy.addon.network.internal.client.BaseHttpSender.sendAndReceive(BaseHttpSender.java:234) ~[?:?]
	at org.parosproxy.paros.network.HttpSender.sendImpl(HttpSender.java:536) ~[zap-2.16.1.jar:2.16.1]
	at org.parosproxy.paros.network.HttpSender.sendAndReceive(HttpSender.java:529) ~[zap-2.16.1.jar:2.16.1]
	at org.parosproxy.paros.core.scanner.AbstractPlugin.sendAndReceive(AbstractPlugin.java:326) ~[zap-2.16.1.jar:2.16.1]
	at org.parosproxy.paros.core.scanner.AbstractPlugin.sendAndReceive(AbstractPlugin.java:265) ~[zap-2.16.1.jar:2.16.1]
	at org.parosproxy.paros.core.scanner.AbstractPlugin.sendAndReceive(AbstractPlugin.java:238) ~[zap-2.16.1.jar:2.16.1]
	at org.zaproxy.zap.extension.ascanrules.Spring4ShellScanRule.isVulnerable(Spring4ShellScanRule.java:125) [ascanrules-release-72.zap:?]
	at org.zaproxy.zap.extension.ascanrules.Spring4ShellScanRule.scan(Spring4ShellScanRule.java:152) [ascanrules-release-72.zap:?]
	at org.parosproxy.paros.core.scanner.AbstractPlugin.run(AbstractPlugin.java:391) [zap-2.16.1.jar:2.16.1]
	at java.base/java.lang.Thread.run(Thread.java:840) [?:?]
2025-08-19 04:22:51,617 [ZAP-Scanner-0] INFO  HostProcess - completed host/plugin https://example.com | Spring4ShellScanRule in 80.971s with 6 message(s) sent and 0 alert(s) raised.
2025-08-19 04:22:51,618 [ZAP-Scanner-0] INFO  HostProcess - start host https://example.com | CodeInjectionScanRule strength MEDIUM threshold MEDIUM
2025-08-19 04:22:51,628 [ZAP-Scanner-0] INFO  HostProcess - completed host/plugin https://example.com | CodeInjectionScanRule in 0.01s with 0 message(s) sent and 0 alert(s) raised.
2025-08-19 04:22:51,629 [ZAP-Scanner-0] INFO  HostProcess - start host https://example.com | CommandInjectionScanRule strength MEDIUM threshold MEDIUM
2025-08-19 04:22:51,647 [ZAP-Scanner-0] INFO  HostProcess - completed host/plugin https://example.com | CommandInjectionScanRule in 0.019s with 0 message(s) sent and 0 alert(s) raised.
2025-08-19 04:22:51,648 [ZAP-Scanner-0] INFO  HostProcess - start host https://example.com | XpathInjectionScanRule strength MEDIUM threshold MEDIUM
2025-08-19 04:22:51,659 [ZAP-Scanner-0] INFO  HostProcess - completed host/plugin https://example.com | XpathInjectionScanRule in 0.012s with 0 message(s) sent and 0 alert(s) raised.
2025-08-19 04:22:51,660 [ZAP-Scanner-0] INFO  HostProcess - start host https://example.com | XxeScanRule strength MEDIUM threshold MEDIUM
2025-08-19 04:22:51,663 [ZAP-Scanner-0] INFO  HostProcess - completed host/plugin https://example.com | XxeScanRule in 0.004s with 0 message(s) sent and 0 alert(s) raised.
2025-08-19 04:22:51,663 [ZAP-Scanner-0] INFO  HostProcess - start host https://example.com | PaddingOracleScanRule strength MEDIUM threshold MEDIUM
2025-08-19 04:22:51,668 [ZAP-Scanner-0] INFO  HostProcess - completed host/plugin https://example.com | PaddingOracleScanRule in 0.005s with 0 message(s) sent and 0 alert(s) raised.
2025-08-19 04:22:51,668 [ZAP-Scanner-0] INFO  HostProcess - start host https://example.com | CloudMetadataScanRule strength MEDIUM threshold MEDIUM
2025-08-19 04:22:51,669 [ZAP-Scanner-0] INFO  HostProcess - start host https://example.com | SstiScanRule strength MEDIUM threshold MEDIUM
2025-08-19 04:22:59,691 [ZAP-ActiveScanner-0] INFO  HostProcess - completed host/plugin https://example.com | CloudMetadataScanRule in 8.023s with 9 message(s) sent and 0 alert(s) raised.
2025-08-19 04:22:59,692 [ZAP-Scanner-0] INFO  HostProcess - completed host/plugin https://example.com | SstiScanRule in 8.023s with 0 message(s) sent and 0 alert(s) raised.
2025-08-19 04:22:59,692 [ZAP-Scanner-0] INFO  HostProcess - start host https://example.com | SstiBlindScanRule strength MEDIUM threshold MEDIUM
2025-08-19 04:22:59,699 [ZAP-Scanner-0] INFO  HostProcess - completed host/plugin https://example.com | SstiBlindScanRule in 0.007s with 0 message(s) sent and 0 alert(s) raised.
2025-08-19 04:22:59,699 [ZAP-Scanner-0] INFO  HostProcess - start host https://example.com | DirectoryBrowsingScanRule strength MEDIUM threshold MEDIUM
2025-08-19 04:23:01,297 [ZAP-Scanner-0] INFO  HostProcess - completed host/plugin https://example.com | DirectoryBrowsingScanRule in 1.598s with 3 message(s) sent and 0 alert(s) raised.
2025-08-19 04:23:01,298 [ZAP-Scanner-0] INFO  HostProcess - start host https://example.com | BufferOverflowScanRule strength MEDIUM threshold MEDIUM
2025-08-19 04:23:01,322 [ZAP-Scanner-0] INFO  HostProcess - completed host/plugin https://example.com | BufferOverflowScanRule in 0.024s with 0 message(s) sent and 0 alert(s) raised.
2025-08-19 04:23:01,322 [ZAP-Scanner-0] INFO  HostProcess - start host https://example.com | FormatStringScanRule strength MEDIUM threshold MEDIUM
2025-08-19 04:23:01,330 [ZAP-Scanner-0] INFO  HostProcess - completed host/plugin https://example.com | FormatStringScanRule in 0.008s with 0 message(s) sent and 0 alert(s) raised.
2025-08-19 04:23:01,331 [ZAP-Scanner-0] INFO  HostProcess - start host https://example.com | CrlfInjectionScanRule strength MEDIUM threshold MEDIUM
2025-08-19 04:23:01,336 [ZAP-Scanner-0] INFO  HostProcess - completed host/plugin https://example.com | CrlfInjectionScanRule in 0.005s with 0 message(s) sent and 0 alert(s) raised.
2025-08-19 04:23:01,337 [ZAP-Scanner-0] INFO  HostProcess - start host https://example.com | ParameterTamperScanRule strength MEDIUM threshold MEDIUM
2025-08-19 04:23:01,354 [ZAP-Scanner-0] INFO  HostProcess - completed host/plugin https://example.com | ParameterTamperScanRule in 0.017s with 0 message(s) sent and 0 alert(s) raised.
2025-08-19 04:23:01,355 [ZAP-Scanner-0] INFO  HostProcess - start host https://example.com | ElmahScanRule strength MEDIUM threshold MEDIUM
2025-08-19 04:23:01,357 [ZAP-Scanner-0] INFO  HostProcess - start host https://example.com | TraceAxdScanRule strength MEDIUM threshold MEDIUM
2025-08-19 04:23:02,281 [ZAP-ActiveScanner-0] INFO  HostProcess - completed host/plugin https://example.com | ElmahScanRule in 0.926s with 1 message(s) sent and 0 alert(s) raised.
2025-08-19 04:23:02,283 [ZAP-Scanner-0] INFO  HostProcess - completed host/plugin https://example.com | TraceAxdScanRule in 0.925s with 2 message(s) sent and 0 alert(s) raised.
2025-08-19 04:23:02,283 [ZAP-Scanner-0] INFO  HostProcess - start host https://example.com | HtAccessScanRule strength MEDIUM threshold MEDIUM
2025-08-19 04:23:02,770 [ZAP-Scanner-0] INFO  HostProcess - completed host/plugin https://example.com | HtAccessScanRule in 0.487s with 1 message(s) sent and 0 alert(s) raised.
2025-08-19 04:23:02,770 [ZAP-Scanner-0] INFO  HostProcess - start host https://example.com | EnvFileScanRule strength MEDIUM threshold MEDIUM
2025-08-19 04:23:03,774 [ZAP-Scanner-0] INFO  HostProcess - completed host/plugin https://example.com | EnvFileScanRule in 1.004s with 1 message(s) sent and 0 alert(s) raised.
2025-08-19 04:23:03,774 [ZAP-Scanner-0] INFO  HostProcess - start host https://example.com | HiddenFilesScanRule strength MEDIUM threshold MEDIUM
2025-08-19 04:23:03,802 [ZAP-Scanner-0] INFO  HostProcess - start host https://example.com | SpringActuatorScanRule strength MEDIUM threshold MEDIUM
2025-08-19 04:23:03,806 [ZAP-Scanner-0] INFO  HostProcess - start host https://example.com | XsltInjectionScanRule strength MEDIUM threshold MEDIUM
2025-08-19 04:23:05,156 [ZAP-ActiveScanner-1] INFO  HostProcess - completed host/plugin https://example.com | SpringActuatorScanRule in 1.354s with 2 message(s) sent and 0 alert(s) raised.
2025-08-19 04:23:40,640 [ZAP-ActiveScanner-0] INFO  HostProcess - completed host/plugin https://example.com | HiddenFilesScanRule in 36.866s with 50 message(s) sent and 0 alert(s) raised.
2025-08-19 04:23:40,642 [ZAP-Scanner-0] INFO  HostProcess - completed host/plugin https://example.com | XsltInjectionScanRule in 36.836s with 0 message(s) sent and 0 alert(s) raised.
2025-08-19 04:23:40,643 [ZAP-Scanner-0] INFO  HostProcess - start host https://example.com | GetForPostScanRule strength MEDIUM threshold MEDIUM
2025-08-19 04:23:40,647 [ZAP-Scanner-0] INFO  HostProcess - completed host/plugin https://example.com | GetForPostScanRule in 0.004s with 0 message(s) sent and 0 alert(s) raised.
2025-08-19 04:23:40,647 [ZAP-Scanner-0] INFO  HostProcess - start host https://example.com | UserAgentScanRule strength MEDIUM threshold MEDIUM
2025-08-19 04:23:44,434 [ZAP-Scanner-0] INFO  HostProcess - completed host/plugin https://example.com | UserAgentScanRule in 3.787s with 36 message(s) sent and 0 alert(s) raised.
2025-08-19 04:23:44,435 [ZAP-Scanner-0] INFO  HostProcess - start host https://example.com | ScriptsActiveScanner strength MEDIUM threshold MEDIUM
2025-08-19 04:23:44,438 [ZAP-Scanner-0] INFO  HostProcess - skipped plugin [no scripts enabled] https://example.com | ScriptsActiveScanner in 0.003s with 0 message(s) sent and 0 alert(s) raised.
2025-08-19 04:23:44,438 [ZAP-Scanner-0] INFO  HostProcess - start host https://example.com | SOAPActionSpoofingActiveScanRule strength MEDIUM threshold MEDIUM
2025-08-19 04:23:44,442 [ZAP-Scanner-0] INFO  HostProcess - completed host/plugin https://example.com | SOAPActionSpoofingActiveScanRule in 0.003s with 0 message(s) sent and 0 alert(s) raised.
2025-08-19 04:23:44,442 [ZAP-Scanner-0] INFO  HostProcess - start host https://example.com | SOAPXMLInjectionActiveScanRule strength MEDIUM threshold MEDIUM
2025-08-19 04:23:44,447 [ZAP-Scanner-0] INFO  HostProcess - completed host/plugin https://example.com | SOAPXMLInjectionActiveScanRule in 0.004s with 0 message(s) sent and 0 alert(s) raised.
2025-08-19 04:23:44,447 [ZAP-Scanner-0] INFO  HostProcess - completed host https://example.com in 141.018s with 0 alert(s) raised.
2025-08-19 04:23:44,450 [Thread-5] INFO  Scanner - scanner with ID 0 completed in 141.053s
2025-08-19 04:23:52,175 [main ] INFO  CommandLineBootstrap - ZAP 2.16.1 terminated.
